[edulearn-lms-admin-template.multipurposethemes.com/template/vertical/main-mini-dark-rtl/index.html]
[backblue.gif]
[fade.gif]
[index.html]
[edulearn-lms-admin-template.multipurposethemes.com/template/vertical/src/css/vendors_css.css]
[edulearn-lms-admin-template.multipurposethemes.com/template/vertical/src/css/skin_color.css]
[edulearn-lms-admin-template.multipurposethemes.com/images/logo-letter.png]
[edulearn-lms-admin-template.multipurposethemes.com/images/logo-letter-white.png]
[edulearn-lms-admin-template.multipurposethemes.com/template/vertical/src/css/style.css]
[edulearn-lms-admin-template.multipurposethemes.com/images/logo-dark-text.png]
[edulearn-lms-admin-template.multipurposethemes.com/images/logo-light-text.png]
[edulearn-lms-admin-template.multipurposethemes.com/images/avatar/avatar-13.png]
[edulearn-lms-admin-template.multipurposethemes.com/template/vertical/main-mini-dark-rtl/mailbox.html]
[edulearn-lms-admin-template.multipurposethemes.com/template/vertical/main-mini-dark-rtl/extra_calendar.html]
[edulearn-lms-admin-template.multipurposethemes.com/template/vertical/main-mini-dark-rtl/contact_app_chat.html]
[edulearn-lms-admin-template.multipurposethemes.com/template/vertical/main-mini-dark-rtl/box_cards.html]
[edulearn-lms-admin-template.multipurposethemes.com/template/vertical/main-mini-dark-rtl/box_advanced.html]
[edulearn-lms-admin-template.multipurposethemes.com/template/vertical/main-mini-dark-rtl/box_basic.html]
[edulearn-lms-admin-template.multipurposethemes.com/template/vertical/main-mini-dark-rtl/box_color.html]
[edulearn-lms-admin-template.multipurposethemes.com/template/vertical/main-mini-dark-rtl/box_group.html]
[edulearn-lms-admin-template.multipurposethemes.com/template/vertical/main-mini-dark-rtl/ui_grid.html]
[edulearn-lms-admin-template.multipurposethemes.com/template/vertical/main-mini-dark-rtl/ui_badges.html]
[edulearn-lms-admin-template.multipurposethemes.com/template/vertical/main-mini-dark-rtl/ui_border_utilities.html]
[edulearn-lms-admin-template.multipurposethemes.com/template/vertical/main-mini-dark-rtl/ui_buttons.html]
[edulearn-lms-admin-template.multipurposethemes.com/template/vertical/main-mini-dark-rtl/ui_color_utilities.html]
[edulearn-lms-admin-template.multipurposethemes.com/template/vertical/main-mini-dark-rtl/ui_dropdown.html]
[edulearn-lms-admin-template.multipurposethemes.com/template/vertical/main-mini-dark-rtl/ui_dropdown_grid.html]
[edulearn-lms-admin-template.multipurposethemes.com/template/vertical/main-mini-dark-rtl/ui_progress_bars.html]
[edulearn-lms-admin-template.multipurposethemes.com/template/vertical/main-mini-dark-rtl/icons_fontawesome.html]
[edulearn-lms-admin-template.multipurposethemes.com/template/vertical/main-mini-dark-rtl/icons_glyphicons.html]
[edulearn-lms-admin-template.multipurposethemes.com/template/vertical/main-mini-dark-rtl/icons_material.html]
[edulearn-lms-admin-template.multipurposethemes.com/template/vertical/main-mini-dark-rtl/icons_themify.html]
[edulearn-lms-admin-template.multipurposethemes.com/template/vertical/main-mini-dark-rtl/icons_simpleline.html]
[edulearn-lms-admin-template.multipurposethemes.com/template/vertical/main-mini-dark-rtl/icons_cryptocoins.html]
[edulearn-lms-admin-template.multipurposethemes.com/template/vertical/main-mini-dark-rtl/icons_flag.html]
[edulearn-lms-admin-template.multipurposethemes.com/template/vertical/main-mini-dark-rtl/icons_weather.html]
[edulearn-lms-admin-template.multipurposethemes.com/template/vertical/main-mini-dark-rtl/ui_ribbons.html]
[edulearn-lms-admin-template.multipurposethemes.com/template/vertical/main-mini-dark-rtl/ui_sliders.html]
[edulearn-lms-admin-template.multipurposethemes.com/template/vertical/main-mini-dark-rtl/ui_typography.html]
[edulearn-lms-admin-template.multipurposethemes.com/template/vertical/main-mini-dark-rtl/ui_tab.html]
[edulearn-lms-admin-template.multipurposethemes.com/template/vertical/main-mini-dark-rtl/ui_timeline.html]
[edulearn-lms-admin-template.multipurposethemes.com/template/vertical/main-mini-dark-rtl/ui_timeline_horizontal.html]
[edulearn-lms-admin-template.multipurposethemes.com/template/vertical/main-mini-dark-rtl/component_bootstrap_switch.html]
[edulearn-lms-admin-template.multipurposethemes.com/template/vertical/main-mini-dark-rtl/component_date_paginator.html]
[edulearn-lms-admin-template.multipurposethemes.com/template/vertical/main-mini-dark-rtl/component_media_advanced.html]
[edulearn-lms-admin-template.multipurposethemes.com/template/vertical/main-mini-dark-rtl/component_rangeslider.html]
[edulearn-lms-admin-template.multipurposethemes.com/template/vertical/main-mini-dark-rtl/component_rating.html]
[edulearn-lms-admin-template.multipurposethemes.com/template/vertical/main-mini-dark-rtl/component_animations.html]
[edulearn-lms-admin-template.multipurposethemes.com/template/vertical/main-mini-dark-rtl/extension_fullscreen.html]
[edulearn-lms-admin-template.multipurposethemes.com/template/vertical/main-mini-dark-rtl/extension_pace.html]
[edulearn-lms-admin-template.multipurposethemes.com/template/vertical/main-mini-dark-rtl/component_nestable.html]
[edulearn-lms-admin-template.multipurposethemes.com/template/vertical/main-mini-dark-rtl/component_portlet_draggable.html]
[edulearn-lms-admin-template.multipurposethemes.com/template/vertical/main-mini-dark-rtl/forms_advanced.html]
[edulearn-lms-admin-template.multipurposethemes.com/template/vertical/main-mini-dark-rtl/forms_general.html]
[edulearn-lms-admin-template.multipurposethemes.com/template/vertical/main-mini-dark-rtl/forms_wizard.html]
[edulearn-lms-admin-template.multipurposethemes.com/template/vertical/main-mini-dark-rtl/forms_validation.html]
[edulearn-lms-admin-template.multipurposethemes.com/template/vertical/main-mini-dark-rtl/forms_mask.html]
[edulearn-lms-admin-template.multipurposethemes.com/template/vertical/main-mini-dark-rtl/forms_xeditable.html]
[edulearn-lms-admin-template.multipurposethemes.com/template/vertical/main-mini-dark-rtl/forms_dropzone.html]
[edulearn-lms-admin-template.multipurposethemes.com/template/vertical/main-mini-dark-rtl/forms_code_editor.html]
[edulearn-lms-admin-template.multipurposethemes.com/template/vertical/main-mini-dark-rtl/forms_editors.html]
[edulearn-lms-admin-template.multipurposethemes.com/template/vertical/main-mini-dark-rtl/forms_editor_markdown.html]
[edulearn-lms-admin-template.multipurposethemes.com/template/vertical/main-mini-dark-rtl/charts_chartjs.html]
[edulearn-lms-admin-template.multipurposethemes.com/template/vertical/main-mini-dark-rtl/charts_flot.html]
[edulearn-lms-admin-template.multipurposethemes.com/template/vertical/main-mini-dark-rtl/charts_inline.html]
[edulearn-lms-admin-template.multipurposethemes.com/template/vertical/main-mini-dark-rtl/charts_morris.html]
[edulearn-lms-admin-template.multipurposethemes.com/template/vertical/main-mini-dark-rtl/charts_peity.html]
[edulearn-lms-admin-template.multipurposethemes.com/template/vertical/main-mini-dark-rtl/charts_chartist.html]
[edulearn-lms-admin-template.multipurposethemes.com/template/vertical/main-mini-dark-rtl/charts_apex.html]
[edulearn-lms-admin-template.multipurposethemes.com/template/vertical/main-mini-dark-rtl/charts_c3_axis.html]
[edulearn-lms-admin-template.multipurposethemes.com/template/vertical/main-mini-dark-rtl/charts_c3_bar.html]
[edulearn-lms-admin-template.multipurposethemes.com/template/vertical/main-mini-dark-rtl/charts_c3_data.html]
[edulearn-lms-admin-template.multipurposethemes.com/template/vertical/main-mini-dark-rtl/charts_c3_line.html]
[edulearn-lms-admin-template.multipurposethemes.com/template/vertical/main-mini-dark-rtl/charts_echarts_basic.html]
[edulearn-lms-admin-template.multipurposethemes.com/template/vertical/main-mini-dark-rtl/charts_echarts_bar.html]
[edulearn-lms-admin-template.multipurposethemes.com/template/vertical/main-mini-dark-rtl/charts_echarts_pie_doughnut.html]
[edulearn-lms-admin-template.multipurposethemes.com/template/vertical/main-mini-dark-rtl/tables_simple.html]
[edulearn-lms-admin-template.multipurposethemes.com/template/vertical/main-mini-dark-rtl/tables_data.html]
[edulearn-lms-admin-template.multipurposethemes.com/template/vertical/main-mini-dark-rtl/tables_editable.html]
[edulearn-lms-admin-template.multipurposethemes.com/template/vertical/main-mini-dark-rtl/tables_color.html]
[edulearn-lms-admin-template.multipurposethemes.com/template/vertical/main-mini-dark-rtl/contact_app.html]
[edulearn-lms-admin-template.multipurposethemes.com/template/vertical/main-mini-dark-rtl/extra_taskboard.html]
[edulearn-lms-admin-template.multipurposethemes.com/template/vertical/main-mini-dark-rtl/widgets_blog.html]
[edulearn-lms-admin-template.multipurposethemes.com/template/vertical/main-mini-dark-rtl/widgets_chart.html]
[edulearn-lms-admin-template.multipurposethemes.com/template/vertical/main-mini-dark-rtl/widgets_list.html]
[edulearn-lms-admin-template.multipurposethemes.com/template/vertical/main-mini-dark-rtl/widgets_social.html]
[edulearn-lms-admin-template.multipurposethemes.com/template/vertical/main-mini-dark-rtl/widgets_statistic.html]
[edulearn-lms-admin-template.multipurposethemes.com/template/vertical/main-mini-dark-rtl/widgets_weather.html]
[edulearn-lms-admin-template.multipurposethemes.com/template/vertical/main-mini-dark-rtl/widgets.html]
[edulearn-lms-admin-template.multipurposethemes.com/template/vertical/main-mini-dark-rtl/email_index.html]
[edulearn-lms-admin-template.multipurposethemes.com/template/vertical/main-mini-dark-rtl/map_google.html]
[edulearn-lms-admin-template.multipurposethemes.com/template/vertical/main-mini-dark-rtl/map_vector.html]
[edulearn-lms-admin-template.multipurposethemes.com/template/vertical/main-mini-dark-rtl/component_modals.html]
[edulearn-lms-admin-template.multipurposethemes.com/template/vertical/main-mini-dark-rtl/component_sweatalert.html]
[edulearn-lms-admin-template.multipurposethemes.com/template/vertical/main-mini-dark-rtl/component_notification.html]
[edulearn-lms-admin-template.multipurposethemes.com/template/vertical/main-mini-dark-rtl/ecommerce_products.html]
[edulearn-lms-admin-template.multipurposethemes.com/template/vertical/main-mini-dark-rtl/ecommerce_cart.html]
[edulearn-lms-admin-template.multipurposethemes.com/template/vertical/main-mini-dark-rtl/ecommerce_products_edit.html]
[edulearn-lms-admin-template.multipurposethemes.com/template/vertical/main-mini-dark-rtl/ecommerce_details.html]
[edulearn-lms-admin-template.multipurposethemes.com/template/vertical/main-mini-dark-rtl/ecommerce_orders.html]
[edulearn-lms-admin-template.multipurposethemes.com/template/vertical/main-mini-dark-rtl/ecommerce_checkout.html]
[edulearn-lms-admin-template.multipurposethemes.com/template/vertical/main-mini-dark-rtl/invoice.html]
[edulearn-lms-admin-template.multipurposethemes.com/template/vertical/main-mini-dark-rtl/invoice_2.html]
[edulearn-lms-admin-template.multipurposethemes.com/template/vertical/main-mini-dark-rtl/invoicelist.html]
[edulearn-lms-admin-template.multipurposethemes.com/template/vertical/main-mini-dark-rtl/invoicelist_2.html]
[edulearn-lms-admin-template.multipurposethemes.com/template/vertical/main-mini-dark-rtl/extra_profile.html]
[edulearn-lms-admin-template.multipurposethemes.com/template/vertical/main-mini-dark-rtl/contact_userlist.html]
[edulearn-lms-admin-template.multipurposethemes.com/template/vertical/main-mini-dark-rtl/sample_faq.html]
[edulearn-lms-admin-template.multipurposethemes.com/template/vertical/main-mini-dark-rtl/sample_blank.html]
[edulearn-lms-admin-template.multipurposethemes.com/template/vertical/main-mini-dark-rtl/sample_coming_soon.html]
[edulearn-lms-admin-template.multipurposethemes.com/template/vertical/main-mini-dark-rtl/sample_custom_scroll.html]
[edulearn-lms-admin-template.multipurposethemes.com/template/vertical/main-mini-dark-rtl/sample_gallery.html]
[edulearn-lms-admin-template.multipurposethemes.com/template/vertical/main-mini-dark-rtl/sample_lightbox.html]
[edulearn-lms-admin-template.multipurposethemes.com/template/vertical/main-mini-dark-rtl/sample_pricing.html]
[edulearn-lms-admin-template.multipurposethemes.com/template/vertical/main-mini-dark-rtl/auth_login.html]
[edulearn-lms-admin-template.multipurposethemes.com/template/vertical/main-mini-dark-rtl/auth_login_dark.html]
[edulearn-lms-admin-template.multipurposethemes.com/template/vertical/main-mini-dark-rtl/auth_register.html]
[edulearn-lms-admin-template.multipurposethemes.com/template/vertical/main-mini-dark-rtl/auth_register_dark.html]
[edulearn-lms-admin-template.multipurposethemes.com/template/vertical/main-mini-dark-rtl/auth_lockscreen.html]
[edulearn-lms-admin-template.multipurposethemes.com/template/vertical/main-mini-dark-rtl/auth_lockscreen_dark.html]
[edulearn-lms-admin-template.multipurposethemes.com/template/vertical/main-mini-dark-rtl/auth_user_pass.html]
[edulearn-lms-admin-template.multipurposethemes.com/template/vertical/main-mini-dark-rtl/auth_user_pass_dark.html]
[edulearn-lms-admin-template.multipurposethemes.com/template/vertical/main-mini-dark-rtl/error_404.html]
[edulearn-lms-admin-template.multipurposethemes.com/template/vertical/main-mini-dark-rtl/error_404_dark.html]
[edulearn-lms-admin-template.multipurposethemes.com/template/vertical/main-mini-dark-rtl/error_500.html]
[edulearn-lms-admin-template.multipurposethemes.com/template/vertical/main-mini-dark-rtl/error_500_dark.html]
[edulearn-lms-admin-template.multipurposethemes.com/template/vertical/main-mini-dark-rtl/error_maintenance.html]
[edulearn-lms-admin-template.multipurposethemes.com/template/vertical/main-mini-dark-rtl/error_maintenance_dark.html]
[edulearn-lms-admin-template.multipurposethemes.com/template/vertical/main-mini-dark-rtl/course.html]
[edulearn-lms-admin-template.multipurposethemes.com/images/avatar/avatar-1.png]
[edulearn-lms-admin-template.multipurposethemes.com/images/avatar/avatar-2.png]
[edulearn-lms-admin-template.multipurposethemes.com/images/avatar/avatar-3.png]
[edulearn-lms-admin-template.multipurposethemes.com/images/avatar/avatar-4.png]
[edulearn-lms-admin-template.multipurposethemes.com/template/vertical/main-mini-dark-rtl/setting.html]
[edulearn-lms-admin-template.multipurposethemes.com/images/avatar/1.jpg]
[edulearn-lms-admin-template.multipurposethemes.com/images/avatar/2.jpg]
[edulearn-lms-admin-template.multipurposethemes.com/images/avatar/3.jpg]
[edulearn-lms-admin-template.multipurposethemes.com/images/avatar/4.jpg]
[edulearn-lms-admin-template.multipurposethemes.com/template/vertical/src/js/pages/chat-popup.js]
[edulearn-lms-admin-template.multipurposethemes.com/assets/icons/feather-icons/feather.min.js]
[edulearn-lms-admin-template.multipurposethemes.com/assets/vendor_components/moment/min/moment.min.js]
[edulearn-lms-admin-template.multipurposethemes.com/assets/vendor_components/bootstrap-daterangepicker/daterangepicker.js]
[edulearn-lms-admin-template.multipurposethemes.com/template/vertical/src/js/demo.js]
[edulearn-lms-admin-template.multipurposethemes.com/template/vertical/main-mini-dark-rtl/index.html]
[edulearn-lms-admin-template.multipurposethemes.com/template/vertical/src/js/pages/dashboard.js]
[edulearn-lms-admin-template.multipurposethemes.com/template/vertical/src/js/template.js]
[edulearn-lms-admin-template.multipurposethemes.com/assets/vendor_components/bootstrap/dist/css/bootstrap.css]
[edulearn-lms-admin-template.multipurposethemes.com/assets/vendor_components/perfect-scrollbar/css/perfect-scrollbar.css]
[edulearn-lms-admin-template.multipurposethemes.com/assets/vendor_components/morris.js/morris.css]
[edulearn-lms-admin-template.multipurposethemes.com/template/vertical/src/js/vendors.min.js]
[edulearn-lms-admin-template.multipurposethemes.com/assets/vendor_components/OwlCarousel2/dist/assets/owl.carousel.css]
[edulearn-lms-admin-template.multipurposethemes.com/assets/vendor_components/OwlCarousel2/dist/assets/owl.theme.default.min.css]
[edulearn-lms-admin-template.multipurposethemes.com/assets/vendor_components/horizontal-timeline/css/horizontal-timeline.css]
[edulearn-lms-admin-template.multipurposethemes.com/assets/vendor_components/flexslider/flexslider.css]
[edulearn-lms-admin-template.multipurposethemes.com/assets/vendor_components/prism/prism.css]
[edulearn-lms-admin-template.multipurposethemes.com/assets/vendor_components/datatable/datatables.min.css]
[edulearn-lms-admin-template.multipurposethemes.com/assets/vendor_components/Magnific-Popup-master/dist/magnific-popup.css]
[edulearn-lms-admin-template.multipurposethemes.com/assets/vendor_components/gallery/css/animated-masonry-gallery.css]
[edulearn-lms-admin-template.multipurposethemes.com/assets/vendor_components/lightbox-master/dist/ekko-lightbox.css]
[edulearn-lms-admin-template.multipurposethemes.com/assets/vendor_components/apexcharts-bundle/dist/apexcharts.js]
[edulearn-lms-admin-template.multipurposethemes.com/assets/vendor_components/jvectormap/lib2/jquery-jvectormap-2.0.2.css]
[edulearn-lms-admin-template.multipurposethemes.com/assets/vendor_components/x-editable/dist/bootstrap3-editable/css/bootstrap-editable.css]
[edulearn-lms-admin-template.multipurposethemes.com/assets/vendor_components/sweetalert/sweetalert.css]
[edulearn-lms-admin-template.multipurposethemes.com/assets/vendor_components/bootstrap-markdown-master/css/bootstrap-markdown.css]
[edulearn-lms-admin-template.multipurposethemes.com/assets/vendor_components/dropzone/dropzone.css]
[edulearn-lms-admin-template.multipurposethemes.com/assets/vendor_components/select2/dist/css/select2.css]
[edulearn-lms-admin-template.multipurposethemes.com/assets/vendor_components/date-paginator/bootstrap-datepaginator.min.css]
[edulearn-lms-admin-template.multipurposethemes.com/assets/vendor_components/bootstrap-daterangepicker/daterangepicker.css]
[edulearn-lms-admin-template.multipurposethemes.com/assets/vendor_components/bootstrap-datepicker/dist/css/bootstrap-datepicker.min.css]
[edulearn-lms-admin-template.multipurposethemes.com/assets/vendor_components/bootstrap-colorpicker/dist/css/bootstrap-colorpicker.min.css]
[edulearn-lms-admin-template.multipurposethemes.com/assets/vendor_components/bootstrap-select/dist/css/bootstrap-select.css]
[edulearn-lms-admin-template.multipurposethemes.com/assets/vendor_components/bootstrap-tagsinput/dist/bootstrap-tagsinput.css]
[edulearn-lms-admin-template.multipurposethemes.com/assets/vendor_components/bootstrap-touchspin/dist/jquery.bootstrap-touchspin.css]
[edulearn-lms-admin-template.multipurposethemes.com/assets/vendor_components/raty-master/lib/jquery.raty.css]
[edulearn-lms-admin-template.multipurposethemes.com/assets/vendor_components/ion-rangeSlider/css/ion.rangeSlider.css]
[edulearn-lms-admin-template.multipurposethemes.com/assets/vendor_components/ion-rangeSlider/css/ion.rangeSlider.skinModern.css]
[edulearn-lms-admin-template.multipurposethemes.com/assets/vendor_components/gridstack/gridstack.css]
[edulearn-lms-admin-template.multipurposethemes.com/assets/vendor_components/jquery-toast-plugin-master/src/jquery.toast.css]
[edulearn-lms-admin-template.multipurposethemes.com/assets/vendor_components/nestable/nestable.css]
[edulearn-lms-admin-template.multipurposethemes.com/assets/vendor_components/bootstrap-switch/switch.css]
[edulearn-lms-admin-template.multipurposethemes.com/assets/vendor_components/c3/c3.min.css]
[edulearn-lms-admin-template.multipurposethemes.com/assets/vendor_components/chartist-js-develop/chartist.css]
[edulearn-lms-admin-template.multipurposethemes.com/assets/vendor_plugins/bootstrap-slider/slider.css]
[edulearn-lms-admin-template.multipurposethemes.com/assets/vendor_plugins/iCheck/flat/blue.css]
[edulearn-lms-admin-template.multipurposethemes.com/assets/vendor_plugins/bootstrap-wysihtml5/bootstrap3-wysihtml5.css]
[edulearn-lms-admin-template.multipurposethemes.com/assets/vendor_plugins/iCheck/all.css]
[edulearn-lms-admin-template.multipurposethemes.com/assets/vendor_plugins/timepicker/bootstrap-timepicker.min.css]
[edulearn-lms-admin-template.multipurposethemes.com/assets/vendor_plugins/pace/pace.min.css]
[edulearn-lms-admin-template.multipurposethemes.com/assets/vendor_components/full-calendar/fullcalendar.min.css]
[edulearn-lms-admin-template.multipurposethemes.com/assets/vendor_components/weather-icons/weather-icons.css]
[edulearn-lms-admin-template.multipurposethemes.com/assets/vendor_components/leaflet/leaflet.css]
[edulearn-lms-admin-template.multipurposethemes.com/assets/vendor_components/leaflet/MarkerCluster.css]
[edulearn-lms-admin-template.multipurposethemes.com/assets/vendor_components/leaflet/MarkerCluster.Default.css]
[edulearn-lms-admin-template.multipurposethemes.com/template/vertical/src/css/vendors_css.css]
[edulearn-lms-admin-template.multipurposethemes.com/assets/vendor_components/dragula-master/dist/dragula.css]
[edulearn-lms-admin-template.multipurposethemes.com/template/vertical/src/css/style_rtl.css]
[edulearn-lms-admin-template.multipurposethemes.com/template/vertical/src/css/color_theme.css]
[edulearn-lms-admin-template.multipurposethemes.com/assets/icons/font-awesome/css/font-awesome.css]
[edulearn-lms-admin-template.multipurposethemes.com/assets/icons/Ionicons/css/ionicons.css]
[edulearn-lms-admin-template.multipurposethemes.com/assets/icons/themify-icons/themify-icons.css]
[edulearn-lms-admin-template.multipurposethemes.com/assets/icons/linea-icons/linea.css]
[edulearn-lms-admin-template.multipurposethemes.com/assets/icons/glyphicons/glyphicon.css]
[edulearn-lms-admin-template.multipurposethemes.com/assets/icons/flag-icon-css/css/flag-icon.css]
[edulearn-lms-admin-template.multipurposethemes.com/assets/icons/material-design-iconic-font/css/materialdesignicons.css]
[edulearn-lms-admin-template.multipurposethemes.com/assets/icons/simple-line-icons/css/simple-line-icons.css]
[edulearn-lms-admin-template.multipurposethemes.com/assets/icons/cryptocoins-master/cryptocoins.css]
[edulearn-lms-admin-template.multipurposethemes.com/assets/icons/weather-icons/css/weather-icons.min.css]
[edulearn-lms-admin-template.multipurposethemes.com/assets/icons/iconsmind/style.css]
[edulearn-lms-admin-template.multipurposethemes.com/assets/icons/icomoon/style.css]
[edulearn-lms-admin-template.multipurposethemes.com/assets/vendor_components/animate/animate.css]
[edulearn-lms-admin-template.multipurposethemes.com/images/preloaders/1.gif]
[edulearn-lms-admin-template.multipurposethemes.com/images/user-info.jpg]
[edulearn-lms-admin-template.multipurposethemes.com/template/vertical/src/css/style.css]
[edulearn-lms-admin-template.multipurposethemes.com/template/vertical/src/css/skin_color.css]
[edulearn-lms-admin-template.multipurposethemes.com/template/vertical/main-mini-dark-rtl/mailbox-compose.html]
[edulearn-lms-admin-template.multipurposethemes.com/template/vertical/main-mini-dark-rtl/mailbox.html]
[edulearn-lms-admin-template.multipurposethemes.com/template/vertical/main-mini-dark-rtl/mailbox-read.html]
[edulearn-lms-admin-template.multipurposethemes.com/template/vertical/src/js/pages/demo.calendar.js]
[edulearn-lms-admin-template.multipurposethemes.com/template/vertical/main-mini-dark-rtl/extra_calendar.html]
[edulearn-lms-admin-template.multipurposethemes.com/images/avatar/avatar-9.png]
[edulearn-lms-admin-template.multipurposethemes.com/assets/vendor_components/full-calendar/moment.js]
[edulearn-lms-admin-template.multipurposethemes.com/images/avatar/avatar-6.png]
[edulearn-lms-admin-template.multipurposethemes.com/images/avatar/avatar-5.png]
[edulearn-lms-admin-template.multipurposethemes.com/images/avatar/avatar-11.png]
[edulearn-lms-admin-template.multipurposethemes.com/images/avatar/avatar-10.png]
[edulearn-lms-admin-template.multipurposethemes.com/images/avatar/avatar-16.png]
[edulearn-lms-admin-template.multipurposethemes.com/assets/vendor_components/full-calendar/fullcalendar.min.js]
[edulearn-lms-admin-template.multipurposethemes.com/images/avatar/avatar-12.png]
[edulearn-lms-admin-template.multipurposethemes.com/images/avatar/avatar-15.png]
[edulearn-lms-admin-template.multipurposethemes.com/template/vertical/main-mini-dark-rtl/contact_app_chat.html]
[edulearn-lms-admin-template.multipurposethemes.com/images/gallery/landscape4.jpg]
[edulearn-lms-admin-template.multipurposethemes.com/images/gallery/landscape1.jpg]
[edulearn-lms-admin-template.multipurposethemes.com/images/gallery/landscape2.jpg]
[edulearn-lms-admin-template.multipurposethemes.com/images/gallery/landscape3.jpg]
[edulearn-lms-admin-template.multipurposethemes.com/images/gallery/landscape5.jpg]
[edulearn-lms-admin-template.multipurposethemes.com/images/gallery/landscape9.jpg]
[edulearn-lms-admin-template.multipurposethemes.com/images/gallery/landscape10.jpg]
[edulearn-lms-admin-template.multipurposethemes.com/images/card/1.jpg]
[edulearn-lms-admin-template.multipurposethemes.com/images/card/2.jpg]
[edulearn-lms-admin-template.multipurposethemes.com/images/card/3.jpg]
[edulearn-lms-admin-template.multipurposethemes.com/assets/vendor_components/Magnific-Popup-master/dist/jquery.magnific-popup.min.js]
[edulearn-lms-admin-template.multipurposethemes.com/template/vertical/main-mini-dark-rtl/box_cards.html]
[edulearn-lms-admin-template.multipurposethemes.com/assets/vendor_components/Magnific-Popup-master/dist/jquery.magnific-popup-init.js]
[edulearn-lms-admin-template.multipurposethemes.com/template/vertical/main-mini-dark-rtl/box_advanced.html]
[edulearn-lms-admin-template.multipurposethemes.com/template/vertical/main-mini-dark-rtl/box_basic.html]
[edulearn-lms-admin-template.multipurposethemes.com/template/vertical/main-mini-dark-rtl/box_color.html]
[edulearn-lms-admin-template.multipurposethemes.com/images/gallery/thumb/4.jpg]
[edulearn-lms-admin-template.multipurposethemes.com/images/gallery/thumb/5.jpg]
[edulearn-lms-admin-template.multipurposethemes.com/images/gallery/thumb/6.jpg]
[edulearn-lms-admin-template.multipurposethemes.com/images/gallery/thumb/1.jpg]
[edulearn-lms-admin-template.multipurposethemes.com/images/gallery/thumb/2.jpg]
[edulearn-lms-admin-template.multipurposethemes.com/images/gallery/thumb/3.jpg]
[edulearn-lms-admin-template.multipurposethemes.com/images/gallery/thumb/7.jpg]
[edulearn-lms-admin-template.multipurposethemes.com/images/gallery/thumb/8.jpg]
[edulearn-lms-admin-template.multipurposethemes.com/images/gallery/thumb/9.jpg]
[edulearn-lms-admin-template.multipurposethemes.com/template/vertical/main-mini-dark-rtl/box_group.html]
[edulearn-lms-admin-template.multipurposethemes.com/template/vertical/main-mini-dark-rtl/ui_grid.html]
[edulearn-lms-admin-template.multipurposethemes.com/template/vertical/main-mini-dark-rtl/ui_badges.html]
[edulearn-lms-admin-template.multipurposethemes.com/template/vertical/main-mini-dark-rtl/ui_border_utilities.html]
[edulearn-lms-admin-template.multipurposethemes.com/template/vertical/main-mini-dark-rtl/ui_buttons.html]
[edulearn-lms-admin-template.multipurposethemes.com/template/vertical/main-mini-dark-rtl/ui_color_utilities.html]
[edulearn-lms-admin-template.multipurposethemes.com/template/vertical/main-mini-dark-rtl/ui_dropdown.html]
[edulearn-lms-admin-template.multipurposethemes.com/template/vertical/main-mini-dark-rtl/ui_dropdown_grid.html]
[edulearn-lms-admin-template.multipurposethemes.com/template/vertical/main-mini-dark-rtl/ui_progress_bars.html]
[edulearn-lms-admin-template.multipurposethemes.com/assets/vendor_components/prism/prism.js]
[edulearn-lms-admin-template.multipurposethemes.com/template/vertical/main-mini-dark-rtl/icons_fontawesome.html]
[edulearn-lms-admin-template.multipurposethemes.com/template/vertical/main-mini-dark-rtl/icons_glyphicons.html]
[edulearn-lms-admin-template.multipurposethemes.com/template/vertical/main-mini-dark-rtl/icons_material.html]
[edulearn-lms-admin-template.multipurposethemes.com/template/vertical/main-mini-dark-rtl/icons_themify.html]
[edulearn-lms-admin-template.multipurposethemes.com/template/vertical/main-mini-dark-rtl/icons_simpleline.html]
[edulearn-lms-admin-template.multipurposethemes.com/template/vertical/main-mini-dark-rtl/icons_cryptocoins.html]
[edulearn-lms-admin-template.multipurposethemes.com/template/vertical/src/js/pages/icons.js]
[edulearn-lms-admin-template.multipurposethemes.com/template/vertical/main-mini-dark-rtl/icons_flag.html]
[edulearn-lms-admin-template.multipurposethemes.com/template/vertical/main-mini-dark-rtl/icons_weather.html]
[edulearn-lms-admin-template.multipurposethemes.com/template/vertical/main-mini-dark-rtl/ui_ribbons.html]
[edulearn-lms-admin-template.multipurposethemes.com/images/img1.jpg]
[edulearn-lms-admin-template.multipurposethemes.com/images/img2.jpg]
[edulearn-lms-admin-template.multipurposethemes.com/images/img3.jpg]
[edulearn-lms-admin-template.multipurposethemes.com/images/gallery/full/slide-1.jpg]
[edulearn-lms-admin-template.multipurposethemes.com/images/gallery/full/slide-2.jpg]
[edulearn-lms-admin-template.multipurposethemes.com/images/gallery/full/slide-3.jpg]
[edulearn-lms-admin-template.multipurposethemes.com/images/gallery/full/slide-4.jpg]
[edulearn-lms-admin-template.multipurposethemes.com/images/card/img1.jpg]
[edulearn-lms-admin-template.multipurposethemes.com/images/card/img2.jpg]
[edulearn-lms-admin-template.multipurposethemes.com/images/card/img3.jpg]
[edulearn-lms-admin-template.multipurposethemes.com/images/card/img4.jpg]
[edulearn-lms-admin-template.multipurposethemes.com/assets/vendor_plugins/bootstrap-slider/bootstrap-slider.js]
[edulearn-lms-admin-template.multipurposethemes.com/assets/vendor_components/OwlCarousel2/dist/owl.carousel.js]
[edulearn-lms-admin-template.multipurposethemes.com/assets/vendor_components/flexslider/jquery.flexslider.js]
[edulearn-lms-admin-template.multipurposethemes.com/template/vertical/main-mini-dark-rtl/ui_sliders.html]
[edulearn-lms-admin-template.multipurposethemes.com/template/vertical/src/js/pages/slider.js]
[edulearn-lms-admin-template.multipurposethemes.com/template/vertical/main-mini-dark-rtl/ui_typography.html]
[edulearn-lms-admin-template.multipurposethemes.com/template/vertical/main-mini-dark-rtl/ui_tab.html]
[edulearn-lms-admin-template.multipurposethemes.com/images/150x100.png]
[edulearn-lms-admin-template.multipurposethemes.com/template/vertical/main-mini-dark-rtl/ui_timeline.html]
[edulearn-lms-admin-template.multipurposethemes.com/images/avatar/avatar-7.png]
[edulearn-lms-admin-template.multipurposethemes.com/images/avatar/avatar-8.png]
[edulearn-lms-admin-template.multipurposethemes.com/template/vertical/main-mini-dark-rtl/ui_timeline_horizontal.html]
[edulearn-lms-admin-template.multipurposethemes.com/template/vertical/main-mini-dark-rtl/component_bootstrap_switch.html]
[edulearn-lms-admin-template.multipurposethemes.com/assets/vendor_components/horizontal-timeline/js/horizontal-timeline.js]
[edulearn-lms-admin-template.multipurposethemes.com/assets/vendor_components/date-paginator/moment.min.js]
[edulearn-lms-admin-template.multipurposethemes.com/assets/vendor_components/bootstrap-datepicker/dist/js/bootstrap-datepicker.min.js]
[edulearn-lms-admin-template.multipurposethemes.com/assets/vendor_components/date-paginator/bootstrap-datepaginator.min.js]
[edulearn-lms-admin-template.multipurposethemes.com/template/vertical/main-mini-dark-rtl/component_date_paginator.html]
[edulearn-lms-admin-template.multipurposethemes.com/template/vertical/src/js/pages/date-paginator.js]
[edulearn-lms-admin-template.multipurposethemes.com/images/avatar.png]
[edulearn-lms-admin-template.multipurposethemes.com/images/avatar2.png]
[edulearn-lms-admin-template.multipurposethemes.com/images/avatar3.png]
[edulearn-lms-admin-template.multipurposethemes.com/template/vertical/main-mini-dark-rtl/component_media_advanced.html]
[edulearn-lms-admin-template.multipurposethemes.com/template/vertical/src/js/pages/media.js]
[edulearn-lms-admin-template.multipurposethemes.com/assets/vendor_components/ion-rangeSlider/js/ion.rangeSlider.min.js]
[edulearn-lms-admin-template.multipurposethemes.com/template/vertical/main-mini-dark-rtl/component_rangeslider.html]
[edulearn-lms-admin-template.multipurposethemes.com/template/vertical/src/js/pages/range-sliders.init.js]
[edulearn-lms-admin-template.multipurposethemes.com/assets/vendor_components/raty-master/lib/jquery.raty.js]
[edulearn-lms-admin-template.multipurposethemes.com/template/vertical/main-mini-dark-rtl/component_rating.html]
[edulearn-lms-admin-template.multipurposethemes.com/template/vertical/src/js/pages/component-rating-init.js]
[edulearn-lms-admin-template.multipurposethemes.com/template/vertical/main-mini-dark-rtl/component_animations.html]
[edulearn-lms-admin-template.multipurposethemes.com/template/vertical/src/js/pages/component-animations-css3.js]
[edulearn-lms-admin-template.multipurposethemes.com/template/vertical/main-mini-dark-rtl/extension_fullscreen.html]
[edulearn-lms-admin-template.multipurposethemes.com/template/vertical/src/js/pages/fullscreen.js]
[edulearn-lms-admin-template.multipurposethemes.com/assets/vendor_components/PACE/pace.min.js]
[edulearn-lms-admin-template.multipurposethemes.com/template/vertical/main-mini-dark-rtl/extension_pace.html]
[edulearn-lms-admin-template.multipurposethemes.com/template/vertical/src/js/pages/pace.js]
[edulearn-lms-admin-template.multipurposethemes.com/assets/vendor_components/nestable/jquery.nestable.js]
[edulearn-lms-admin-template.multipurposethemes.com/template/vertical/main-mini-dark-rtl/component_nestable.html]
[edulearn-lms-admin-template.multipurposethemes.com/template/vertical/src/js/pages/nestable.js]
[cdnjs.cloudflare.com/ajax/libs/jqueryui-touch-punch/0.2.3/jquery.ui.touch-punch.min.js]
[edulearn-lms-admin-template.multipurposethemes.com/assets/vendor_components/jquery-ui/jquery-ui.js]
[edulearn-lms-admin-template.multipurposethemes.com/assets/vendor_components/gridstack/gridstack.js]
[edulearn-lms-admin-template.multipurposethemes.com/assets/vendor_components/gridstack/gridstack.jQueryUI.js]
[edulearn-lms-admin-template.multipurposethemes.com/template/vertical/main-mini-dark-rtl/component_portlet_draggable.html]
[edulearn-lms-admin-template.multipurposethemes.com/template/vertical/src/js/pages/gridstackjs.js]
[edulearn-lms-admin-template.multipurposethemes.com/assets/vendor_components/gridstack/lodash.js]
[edulearn-lms-admin-template.multipurposethemes.com/assets/vendor_components/bootstrap-select/dist/js/bootstrap-select.js]
[edulearn-lms-admin-template.multipurposethemes.com/assets/vendor_components/bootstrap-tagsinput/dist/bootstrap-tagsinput.js]
[edulearn-lms-admin-template.multipurposethemes.com/assets/vendor_components/bootstrap-touchspin/dist/jquery.bootstrap-touchspin.min.js]
[edulearn-lms-admin-template.multipurposethemes.com/assets/vendor_plugins/input-mask/jquery.inputmask.date.extensions.js]
[edulearn-lms-admin-template.multipurposethemes.com/assets/vendor_components/select2/dist/js/select2.full.js]
[edulearn-lms-admin-template.multipurposethemes.com/assets/vendor_plugins/input-mask/jquery.inputmask.extensions.js]
[edulearn-lms-admin-template.multipurposethemes.com/assets/vendor_plugins/input-mask/jquery.inputmask.js]
[edulearn-lms-admin-template.multipurposethemes.com/assets/vendor_components/bootstrap-colorpicker/dist/js/bootstrap-colorpicker.min.js]
[edulearn-lms-admin-template.multipurposethemes.com/assets/vendor_plugins/timepicker/bootstrap-timepicker.min.js]
[edulearn-lms-admin-template.multipurposethemes.com/assets/vendor_plugins/iCheck/icheck.min.js]
[edulearn-lms-admin-template.multipurposethemes.com/template/vertical/main-mini-dark-rtl/forms_advanced.html]
[edulearn-lms-admin-template.multipurposethemes.com/template/vertical/main-mini-dark-rtl/forms_general.html]
[edulearn-lms-admin-template.multipurposethemes.com/template/vertical/src/js/pages/advanced-form-element.js]
[edulearn-lms-admin-template.multipurposethemes.com/assets/vendor_components/jquery-steps-master/build/jquery.steps.js]
[edulearn-lms-admin-template.multipurposethemes.com/assets/vendor_components/jquery-validation-1.17.0/dist/jquery.validate.min.js]
[edulearn-lms-admin-template.multipurposethemes.com/assets/vendor_components/sweetalert/sweetalert.min.js]
[edulearn-lms-admin-template.multipurposethemes.com/template/vertical/main-mini-dark-rtl/forms_wizard.html]
[edulearn-lms-admin-template.multipurposethemes.com/template/vertical/src/js/pages/steps.js]
[edulearn-lms-admin-template.multipurposethemes.com/template/vertical/src/js/pages/validation.js]
[edulearn-lms-admin-template.multipurposethemes.com/template/vertical/main-mini-dark-rtl/forms_validation.html]
[edulearn-lms-admin-template.multipurposethemes.com/template/vertical/src/js/pages/form-validation.js]
[edulearn-lms-admin-template.multipurposethemes.com/assets/vendor_components/formatter/formatter.js]
[edulearn-lms-admin-template.multipurposethemes.com/assets/vendor_components/formatter/jquery.formatter.js]
[edulearn-lms-admin-template.multipurposethemes.com/template/vertical/main-mini-dark-rtl/forms_mask.html]
[edulearn-lms-admin-template.multipurposethemes.com/template/vertical/src/js/pages/formatter.js]
[edulearn-lms-admin-template.multipurposethemes.com/assets/vendor_components/moment/src/moment2.js]
[edulearn-lms-admin-template.multipurposethemes.com/assets/vendor_components/x-editable/dist/bootstrap3-editable/js/bootstrap-editable.js]
[edulearn-lms-admin-template.multipurposethemes.com/template/vertical/main-mini-dark-rtl/forms_xeditable.html]
[edulearn-lms-admin-template.multipurposethemes.com/template/vertical/src/js/pages/form-x-editable.js]
[edulearn-lms-admin-template.multipurposethemes.com/template/vertical/main-mini-dark-rtl/forms_dropzone.html]
[edulearn-lms-admin-template.multipurposethemes.com/assets/vendor_components/dropzone/dropzone.js]
[edulearn-lms-admin-template.multipurposethemes.com/template/vertical/main-mini-dark-rtl/forms_code_editor.html]
[edulearn-lms-admin-template.multipurposethemes.com/template/vertical/src/js/pages/form-code-editor.js]
[edulearn-lms-admin-template.multipurposethemes.com/assets/vendor_plugins/ace-builds-master/src-min-noconflict/ace.js]
[edulearn-lms-admin-template.multipurposethemes.com/template/vertical/src/js/pages/editor.js]
[edulearn-lms-admin-template.multipurposethemes.com/template/vertical/main-mini-dark-rtl/forms_editors.html]
[edulearn-lms-admin-template.multipurposethemes.com/assets/vendor_components/bootstrap-markdown-master/js/bootstrap-markdown.js]
[edulearn-lms-admin-template.multipurposethemes.com/assets/vendor_components/marked/marked.js]
[edulearn-lms-admin-template.multipurposethemes.com/assets/vendor_components/to-markdown/to-markdown.js]
[edulearn-lms-admin-template.multipurposethemes.com/template/vertical/main-mini-dark-rtl/forms_editor_markdown.html]
[edulearn-lms-admin-template.multipurposethemes.com/assets/vendor_plugins/bootstrap-wysihtml5/bootstrap3-wysihtml5.all.js]
[edulearn-lms-admin-template.multipurposethemes.com/assets/vendor_components/chart.js-master/Chart.min.js]
[cdn.ckeditor.com/ckeditor5/29.2.0/classic/ckeditor.js]
[edulearn-lms-admin-template.multipurposethemes.com/assets/vendor_components/ckeditor/ckeditor.js]
[edulearn-lms-admin-template.multipurposethemes.com/template/vertical/main-mini-dark-rtl/charts_chartjs.html]
[edulearn-lms-admin-template.multipurposethemes.com/template/vertical/src/js/pages/demo.chartjs.js]
[edulearn-lms-admin-template.multipurposethemes.com/assets/vendor_components/Flot/jquery.flot.js]
[edulearn-lms-admin-template.multipurposethemes.com/assets/vendor_components/Flot/jquery.flot.resize.js]
[edulearn-lms-admin-template.multipurposethemes.com/assets/vendor_components/Flot/jquery.flot.pie.js]
[edulearn-lms-admin-template.multipurposethemes.com/assets/vendor_components/Flot/jquery.flot.categories.js]
[edulearn-lms-admin-template.multipurposethemes.com/template/vertical/main-mini-dark-rtl/charts_flot.html]
[edulearn-lms-admin-template.multipurposethemes.com/template/vertical/src/js/pages/widget-flot-charts.js]
[edulearn-lms-admin-template.multipurposethemes.com/assets/vendor_components/jquery-knob/js/jquery.knob.js]
[edulearn-lms-admin-template.multipurposethemes.com/template/vertical/main-mini-dark-rtl/charts_inline.html]
[edulearn-lms-admin-template.multipurposethemes.com/template/vertical/src/js/pages/widget-inline-charts.js]
[edulearn-lms-admin-template.multipurposethemes.com/assets/vendor_components/raphael/raphael.min.js]
[edulearn-lms-admin-template.multipurposethemes.com/assets/vendor_components/morris.js/morris.min.js]
[edulearn-lms-admin-template.multipurposethemes.com/template/vertical/main-mini-dark-rtl/charts_morris.html]
[edulearn-lms-admin-template.multipurposethemes.com/template/vertical/src/js/pages/widget-morris-charts.js]
[edulearn-lms-admin-template.multipurposethemes.com/assets/vendor_components/jquery.peity/jquery.peity.js]
[edulearn-lms-admin-template.multipurposethemes.com/template/vertical/main-mini-dark-rtl/charts_peity.html]
[edulearn-lms-admin-template.multipurposethemes.com/template/vertical/src/js/pages/peity.js]
[edulearn-lms-admin-template.multipurposethemes.com/template/vertical/main-mini-dark-rtl/charts_chartist.html]
[edulearn-lms-admin-template.multipurposethemes.com/template/vertical/src/js/pages/widget-chartist.js]
[edulearn-lms-admin-template.multipurposethemes.com/assets/vendor_components/chartist-js-develop/chartist.js]
[edulearn-lms-admin-template.multipurposethemes.com/template/vertical/main-mini-dark-rtl/charts_apex.html]
[edulearn-lms-admin-template.multipurposethemes.com/template/vertical/src/js/pages/apex_charts.js]
[edulearn-lms-admin-template.multipurposethemes.com/assets/vendor_components/c3/d3.min.js]
[edulearn-lms-admin-template.multipurposethemes.com/template/vertical/src/js/pages/c3-axis.js]
[edulearn-lms-admin-template.multipurposethemes.com/assets/vendor_components/c3/c3.min.js]
[edulearn-lms-admin-template.multipurposethemes.com/template/vertical/main-mini-dark-rtl/charts_c3_axis.html]
[edulearn-lms-admin-template.multipurposethemes.com/template/vertical/main-mini-dark-rtl/charts_c3_bar.html]
[edulearn-lms-admin-template.multipurposethemes.com/template/vertical/src/js/pages/c3-bar-pie.js]
[edulearn-lms-admin-template.multipurposethemes.com/template/vertical/main-mini-dark-rtl/charts_c3_data.html]
[edulearn-lms-admin-template.multipurposethemes.com/template/vertical/src/js/pages/c3-data.js]
[edulearn-lms-admin-template.multipurposethemes.com/template/vertical/src/js/pages/c3-line.js]
[edulearn-lms-admin-template.multipurposethemes.com/template/vertical/src/js/pages/c3-stap-line.js]
[edulearn-lms-admin-template.multipurposethemes.com/template/vertical/main-mini-dark-rtl/charts_c3_line.html]
[edulearn-lms-admin-template.multipurposethemes.com/template/vertical/src/js/pages/c3-multi-xy-line.js]
[edulearn-lms-admin-template.multipurposethemes.com/template/vertical/main-mini-dark-rtl/charts_echarts_basic.html]
[edulearn-lms-admin-template.multipurposethemes.com/template/vertical/src/js/pages/echart-line-charts.js]
[edulearn-lms-admin-template.multipurposethemes.com/assets/vendor_components/echarts/dist/echarts-en.min.js]
[edulearn-lms-admin-template.multipurposethemes.com/template/vertical/main-mini-dark-rtl/charts_echarts_bar.html]
[edulearn-lms-admin-template.multipurposethemes.com/template/vertical/src/js/pages/echart-bar.js]
[edulearn-lms-admin-template.multipurposethemes.com/template/vertical/main-mini-dark-rtl/charts_echarts_pie_doughnut.html]
[edulearn-lms-admin-template.multipurposethemes.com/template/vertical/main-mini-dark-rtl/tables_simple.html]
[edulearn-lms-admin-template.multipurposethemes.com/template/vertical/src/js/pages/echart-pie-doghnut.js]
[edulearn-lms-admin-template.multipurposethemes.com/template/vertical/main-mini-dark-rtl/tables_data.html]
[edulearn-lms-admin-template.multipurposethemes.com/template/vertical/src/js/pages/data-table.js]
[edulearn-lms-admin-template.multipurposethemes.com/assets/vendor_components/tiny-editable/mindmup-editabletable.js]
[edulearn-lms-admin-template.multipurposethemes.com/assets/vendor_components/tiny-editable/numeric-input-example.js]
[edulearn-lms-admin-template.multipurposethemes.com/template/vertical/main-mini-dark-rtl/tables_editable.html]
[edulearn-lms-admin-template.multipurposethemes.com/template/vertical/main-mini-dark-rtl/tables_color.html]
[edulearn-lms-admin-template.multipurposethemes.com/template/vertical/src/js/pages/editable-tables.js]
[edulearn-lms-admin-template.multipurposethemes.com/template/vertical/main-mini-dark-rtl/contact_app.html]
[edulearn-lms-admin-template.multipurposethemes.com/template/vertical/src/js/pages/app-contact.js]
[edulearn-lms-admin-template.multipurposethemes.com/template/vertical/main-mini-dark-rtl/extra_taskboard.html]
[edulearn-lms-admin-template.multipurposethemes.com/template/vertical/src/js/pages/extra_taskboard.js]
[edulearn-lms-admin-template.multipurposethemes.com/assets/vendor_components/dragula-master/dist/dragula.js]
[edulearn-lms-admin-template.multipurposethemes.com/images/gallery/thumb-sm/1.jpg]
[edulearn-lms-admin-template.multipurposethemes.com/images/gallery/thumb-sm/2.jpg]
[edulearn-lms-admin-template.multipurposethemes.com/images/gallery/thumb-sm/3.jpg]
[edulearn-lms-admin-template.multipurposethemes.com/images/gallery/thumb-sm/4.jpg]
[edulearn-lms-admin-template.multipurposethemes.com/images/gallery/thumb-sm/5.jpg]
[edulearn-lms-admin-template.multipurposethemes.com/images/gallery/thumb-sm/7.jpg]
[edulearn-lms-admin-template.multipurposethemes.com/assets/vendor_components/datatable/datatables.min.js]
[edulearn-lms-admin-template.multipurposethemes.com/images/gallery/thumb-sm/10.jpg]
[edulearn-lms-admin-template.multipurposethemes.com/template/vertical/main-mini-dark-rtl/video/video.16f.delayed]
[edulearn-lms-admin-template.multipurposethemes.com/template/vertical/main-mini-dark-rtl/video/video.170.delayed]
[edulearn-lms-admin-template.multipurposethemes.com/template/vertical/main-mini-dark-rtl/video/video.ogv]
[edulearn-lms-admin-template.multipurposethemes.com/template/vertical/main-mini-dark-rtl/widgets_blog.html]
[edulearn-lms-admin-template.multipurposethemes.com/template/vertical/src/js/pages/widget-blog.js]
[edulearn-lms-admin-template.multipurposethemes.com/template/vertical/main-mini-dark-rtl/widgets_chart.html]
[edulearn-lms-admin-template.multipurposethemes.com/template/vertical/src/js/pages/chart-widgets.js]
[edulearn-lms-admin-template.multipurposethemes.com/template/vertical/main-mini-dark-rtl/widgets_list.html]
[edulearn-lms-admin-template.multipurposethemes.com/template/vertical/src/js/pages/list.js]
[edulearn-lms-admin-template.multipurposethemes.com/images/gallery/creative/img-8.jpg]
[edulearn-lms-admin-template.multipurposethemes.com/images/gallery/full/2.jpg]
[edulearn-lms-admin-template.multipurposethemes.com/images/avatar/5.jpg]
[edulearn-lms-admin-template.multipurposethemes.com/template/vertical/main-mini-dark-rtl/widgets_social.html]
[edulearn-lms-admin-template.multipurposethemes.com/template/vertical/main-mini-dark-rtl/widgets_statistic.html]
[edulearn-lms-admin-template.multipurposethemes.com/images/placeholder.jpg]
[edulearn-lms-admin-template.multipurposethemes.com/images/gallery/thumb/19.jpg]
[edulearn-lms-admin-template.multipurposethemes.com/assets/vendor_plugins/weather-icons/WeatherIcon.js]
[edulearn-lms-admin-template.multipurposethemes.com/template/vertical/main-mini-dark-rtl/widgets_weather.html]
[edulearn-lms-admin-template.multipurposethemes.com/images/gallery/creative/img-1.jpg]
[edulearn-lms-admin-template.multipurposethemes.com/template/vertical/src/js/pages/weather.js]
[edulearn-lms-admin-template.multipurposethemes.com/images/gallery/creative/img-2.jpg]
[edulearn-lms-admin-template.multipurposethemes.com/images/gallery/creative/img-3.jpg]
[edulearn-lms-admin-template.multipurposethemes.com/images/gallery/creative/img-4.jpg]
[edulearn-lms-admin-template.multipurposethemes.com/images/gallery/creative/img-5.jpg]
[edulearn-lms-admin-template.multipurposethemes.com/images/gallery/full/3.jpg]
[edulearn-lms-admin-template.multipurposethemes.com/images/gallery/thumb/14.jpg]
[edulearn-lms-admin-template.multipurposethemes.com/template/vertical/main-mini-dark-rtl/widgets.html]
[edulearn-lms-admin-template.multipurposethemes.com/template/vertical/src/js/pages/widgets.js]
[edulearn-lms-admin-template.multipurposethemes.com/images/preview/email-welcome.png]
[edulearn-lms-admin-template.multipurposethemes.com/template/vertical/main-mini-dark-rtl/email_welcome_dark.html]
[edulearn-lms-admin-template.multipurposethemes.com/template/vertical/main-mini-dark-rtl/email_welcome.html]
[edulearn-lms-admin-template.multipurposethemes.com/template/vertical/main-mini-dark-rtl/email_verify_email_dark.html]
[edulearn-lms-admin-template.multipurposethemes.com/template/vertical/main-mini-dark-rtl/email_verify_email.html]
[edulearn-lms-admin-template.multipurposethemes.com/template/vertical/main-mini-dark-rtl/email_change_pass_dark.html]
[edulearn-lms-admin-template.multipurposethemes.com/template/vertical/main-mini-dark-rtl/email_change_pass.html]
[edulearn-lms-admin-template.multipurposethemes.com/images/preview/email-update.png]
[edulearn-lms-admin-template.multipurposethemes.com/template/vertical/main-mini-dark-rtl/email_update_dark.html]
[edulearn-lms-admin-template.multipurposethemes.com/template/vertical/main-mini-dark-rtl/email_update.html]
[edulearn-lms-admin-template.multipurposethemes.com/template/vertical/main-mini-dark-rtl/email_expired_card_dark.html]
[edulearn-lms-admin-template.multipurposethemes.com/template/vertical/main-mini-dark-rtl/email_expired_card.html]
[edulearn-lms-admin-template.multipurposethemes.com/images/preview/email-closed-account.png]
[edulearn-lms-admin-template.multipurposethemes.com/template/vertical/main-mini-dark-rtl/email_closed_account_dark.html]
[edulearn-lms-admin-template.multipurposethemes.com/template/vertical/main-mini-dark-rtl/email_index.html]
[edulearn-lms-admin-template.multipurposethemes.com/template/vertical/main-mini-dark-rtl/email_closed_account.html]
[edulearn-lms-admin-template.multipurposethemes.com/assets/vendor_components/gmaps/jquery.gmaps.js]
[edulearn-lms-admin-template.multipurposethemes.com/template/vertical/main-mini-dark-rtl/map_google.html]
[edulearn-lms-admin-template.multipurposethemes.com/assets/vendor_components/jvectormap/lib2/jquery-jvectormap-2.0.2.min.js]
[edulearn-lms-admin-template.multipurposethemes.com/assets/vendor_components/jvectormap/lib2/jquery-jvectormap-world-mill-en.js]
[edulearn-lms-admin-template.multipurposethemes.com/assets/vendor_components/jvectormap/lib2/jquery-jvectormap-us-aea-en.js]
[edulearn-lms-admin-template.multipurposethemes.com/assets/vendor_components/jvectormap/lib2/jquery-jvectormap-uk-mill-en.js]
[edulearn-lms-admin-template.multipurposethemes.com/assets/vendor_components/jvectormap/lib2/jquery-jvectormap-au-mill.js]
[edulearn-lms-admin-template.multipurposethemes.com/template/vertical/main-mini-dark-rtl/map_vector.html]
[edulearn-lms-admin-template.multipurposethemes.com/assets/vendor_components/jvectormap/lib2/jvectormap.custom.js]
[edulearn-lms-admin-template.multipurposethemes.com/images/logo-light-text3.png]
[edulearn-lms-admin-template.multipurposethemes.com/template/vertical/main-mini-dark-rtl/component_modals.html]
[edulearn-lms-admin-template.multipurposethemes.com/template/vertical/main-mini-dark-rtl/component_sweatalert.html]
[edulearn-lms-admin-template.multipurposethemes.com/template/vertical/main-mini-dark-rtl/component_notification.html]
[edulearn-lms-admin-template.multipurposethemes.com/template/vertical/main-mini-dark-rtl/ecommerce_products.html]
[edulearn-lms-admin-template.multipurposethemes.com/template/vertical/main-mini-dark-rtl/ecommerce_cart.html]
[edulearn-lms-admin-template.multipurposethemes.com/template/vertical/main-mini-dark-rtl/ecommerce_products_edit.html]
[edulearn-lms-admin-template.multipurposethemes.com/template/vertical/main-mini-dark-rtl/ecommerce_details.html]
[edulearn-lms-admin-template.multipurposethemes.com/template/vertical/main-mini-dark-rtl/ecommerce_orders.html]
[edulearn-lms-admin-template.multipurposethemes.com/template/vertical/main-mini-dark-rtl/ecommerce_checkout.html]
[edulearn-lms-admin-template.multipurposethemes.com/template/vertical/main-mini-dark-rtl/invoice.html]
[edulearn-lms-admin-template.multipurposethemes.com/template/vertical/main-mini-dark-rtl/invoice_2.html]
[edulearn-lms-admin-template.multipurposethemes.com/template/vertical/main-mini-dark-rtl/invoicelist.html]
[edulearn-lms-admin-template.multipurposethemes.com/template/vertical/main-mini-dark-rtl/invoicelist_2.html]
[edulearn-lms-admin-template.multipurposethemes.com/template/vertical/main-mini-dark-rtl/extra_profile.html]
[edulearn-lms-admin-template.multipurposethemes.com/template/vertical/main-mini-dark-rtl/contact_userlist.html]
[edulearn-lms-admin-template.multipurposethemes.com/template/vertical/main-mini-dark-rtl/sample_faq.html]
[edulearn-lms-admin-template.multipurposethemes.com/template/vertical/main-mini-dark-rtl/sample_blank.html]
[edulearn-lms-admin-template.multipurposethemes.com/template/vertical/main-mini-dark-rtl/sample_coming_soon.html]
[edulearn-lms-admin-template.multipurposethemes.com/template/vertical/main-mini-dark-rtl/sample_custom_scroll.html]
[edulearn-lms-admin-template.multipurposethemes.com/template/vertical/main-mini-dark-rtl/sample_gallery.html]
[edulearn-lms-admin-template.multipurposethemes.com/template/vertical/main-mini-dark-rtl/sample_lightbox.html]
[edulearn-lms-admin-template.multipurposethemes.com/template/vertical/main-mini-dark-rtl/sample_pricing.html]
[edulearn-lms-admin-template.multipurposethemes.com/template/vertical/main-mini-dark-rtl/auth_login.html]
[edulearn-lms-admin-template.multipurposethemes.com/template/vertical/main-mini-dark-rtl/auth_login_dark.html]
[edulearn-lms-admin-template.multipurposethemes.com/template/vertical/main-mini-dark-rtl/auth_register.html]
[edulearn-lms-admin-template.multipurposethemes.com/template/vertical/main-mini-dark-rtl/auth_register_dark.html]
[edulearn-lms-admin-template.multipurposethemes.com/template/vertical/main-mini-dark-rtl/auth_lockscreen.html]
[edulearn-lms-admin-template.multipurposethemes.com/template/vertical/main-mini-dark-rtl/auth_lockscreen_dark.html]
[edulearn-lms-admin-template.multipurposethemes.com/template/vertical/main-mini-dark-rtl/auth_user_pass.html]
[edulearn-lms-admin-template.multipurposethemes.com/template/vertical/main-mini-dark-rtl/auth_user_pass_dark.html]
[edulearn-lms-admin-template.multipurposethemes.com/template/vertical/main-mini-dark-rtl/error_404.html]
[edulearn-lms-admin-template.multipurposethemes.com/template/vertical/main-mini-dark-rtl/error_404_dark.html]
[edulearn-lms-admin-template.multipurposethemes.com/template/vertical/main-mini-dark-rtl/error_500.html]
[edulearn-lms-admin-template.multipurposethemes.com/template/vertical/main-mini-dark-rtl/error_500_dark.html]
[edulearn-lms-admin-template.multipurposethemes.com/template/vertical/main-mini-dark-rtl/error_maintenance.html]
[edulearn-lms-admin-template.multipurposethemes.com/template/vertical/main-mini-dark-rtl/error_maintenance_dark.html]
[edulearn-lms-admin-template.multipurposethemes.com/template/vertical/main-mini-dark-rtl/course.html]
[edulearn-lms-admin-template.multipurposethemes.com/template/vertical/main-mini-dark-rtl/setting.html]
[edulearn-lms-admin-template.multipurposethemes.com/assets/vendor_components/bootstrap/dist/css/bootstrap.css]
[edulearn-lms-admin-template.multipurposethemes.com/assets/vendor_components/perfect-scrollbar/css/perfect-scrollbar.css]
[edulearn-lms-admin-template.multipurposethemes.com/assets/vendor_components/morris.js/morris.css]
[edulearn-lms-admin-template.multipurposethemes.com/assets/vendor_components/OwlCarousel2/dist/assets/owl.carousel.css]
[edulearn-lms-admin-template.multipurposethemes.com/assets/vendor_components/OwlCarousel2/dist/assets/owl.theme.default.min.css]
[edulearn-lms-admin-template.multipurposethemes.com/assets/vendor_components/horizontal-timeline/css/horizontal-timeline.css]
[edulearn-lms-admin-template.multipurposethemes.com/assets/vendor_components/flexslider/flexslider.css]
[edulearn-lms-admin-template.multipurposethemes.com/assets/vendor_components/prism/prism.css]
[edulearn-lms-admin-template.multipurposethemes.com/assets/vendor_components/datatable/datatables.min.css]
[edulearn-lms-admin-template.multipurposethemes.com/assets/vendor_components/Magnific-Popup-master/dist/magnific-popup.css]
[edulearn-lms-admin-template.multipurposethemes.com/assets/vendor_components/gallery/css/animated-masonry-gallery.css]
[edulearn-lms-admin-template.multipurposethemes.com/assets/vendor_components/lightbox-master/dist/ekko-lightbox.css]
[edulearn-lms-admin-template.multipurposethemes.com/assets/vendor_components/jvectormap/lib2/jquery-jvectormap-2.0.2.css]
[edulearn-lms-admin-template.multipurposethemes.com/assets/vendor_components/x-editable/dist/bootstrap3-editable/css/bootstrap-editable.css]
[edulearn-lms-admin-template.multipurposethemes.com/assets/vendor_components/sweetalert/sweetalert.css]
[edulearn-lms-admin-template.multipurposethemes.com/assets/vendor_components/bootstrap-markdown-master/css/bootstrap-markdown.css]
[edulearn-lms-admin-template.multipurposethemes.com/assets/vendor_components/dropzone/dropzone.css]
[edulearn-lms-admin-template.multipurposethemes.com/assets/vendor_components/select2/dist/css/select2.css]
[edulearn-lms-admin-template.multipurposethemes.com/assets/vendor_components/date-paginator/bootstrap-datepaginator.min.css]
[edulearn-lms-admin-template.multipurposethemes.com/assets/vendor_components/bootstrap-daterangepicker/daterangepicker.css]
[edulearn-lms-admin-template.multipurposethemes.com/assets/vendor_components/bootstrap-datepicker/dist/css/bootstrap-datepicker.min.css]
[edulearn-lms-admin-template.multipurposethemes.com/assets/vendor_components/bootstrap-colorpicker/dist/css/bootstrap-colorpicker.min.css]
[edulearn-lms-admin-template.multipurposethemes.com/assets/vendor_components/bootstrap-select/dist/css/bootstrap-select.css]
[edulearn-lms-admin-template.multipurposethemes.com/assets/vendor_components/bootstrap-tagsinput/dist/bootstrap-tagsinput.css]
[edulearn-lms-admin-template.multipurposethemes.com/assets/vendor_components/bootstrap-touchspin/dist/jquery.bootstrap-touchspin.css]
[edulearn-lms-admin-template.multipurposethemes.com/assets/vendor_components/raty-master/lib/jquery.raty.css]
[edulearn-lms-admin-template.multipurposethemes.com/assets/vendor_components/ion-rangeSlider/css/ion.rangeSlider.css]
[edulearn-lms-admin-template.multipurposethemes.com/assets/vendor_components/ion-rangeSlider/css/ion.rangeSlider.skinModern.css]
[edulearn-lms-admin-template.multipurposethemes.com/assets/vendor_components/gridstack/gridstack.css]
[edulearn-lms-admin-template.multipurposethemes.com/assets/vendor_components/jquery-toast-plugin-master/src/jquery.toast.css]
[edulearn-lms-admin-template.multipurposethemes.com/assets/vendor_components/nestable/nestable.css]
[edulearn-lms-admin-template.multipurposethemes.com/assets/vendor_components/bootstrap-switch/switch.css]
[edulearn-lms-admin-template.multipurposethemes.com/assets/vendor_components/c3/c3.min.css]
[edulearn-lms-admin-template.multipurposethemes.com/assets/vendor_components/chartist-js-develop/chartist.css]
[edulearn-lms-admin-template.multipurposethemes.com/assets/vendor_plugins/bootstrap-slider/slider.css]
[edulearn-lms-admin-template.multipurposethemes.com/assets/vendor_plugins/iCheck/flat/blue.css]
[edulearn-lms-admin-template.multipurposethemes.com/assets/vendor_plugins/bootstrap-wysihtml5/bootstrap3-wysihtml5.css]
[edulearn-lms-admin-template.multipurposethemes.com/assets/vendor_plugins/iCheck/all.css]
[edulearn-lms-admin-template.multipurposethemes.com/assets/vendor_plugins/timepicker/bootstrap-timepicker.min.css]
[edulearn-lms-admin-template.multipurposethemes.com/assets/vendor_plugins/pace/pace.min.css]
[edulearn-lms-admin-template.multipurposethemes.com/assets/vendor_components/full-calendar/fullcalendar.min.css]
[edulearn-lms-admin-template.multipurposethemes.com/assets/vendor_components/weather-icons/weather-icons.css]
[edulearn-lms-admin-template.multipurposethemes.com/assets/vendor_components/leaflet/leaflet.css]
[edulearn-lms-admin-template.multipurposethemes.com/assets/vendor_components/leaflet/MarkerCluster.css]
[edulearn-lms-admin-template.multipurposethemes.com/assets/vendor_components/leaflet/MarkerCluster.Default.css]
[edulearn-lms-admin-template.multipurposethemes.com/assets/vendor_components/dragula-master/dist/dragula.css]
[edulearn-lms-admin-template.multipurposethemes.com/template/vertical/src/css/color_theme.css]
[edulearn-lms-admin-template.multipurposethemes.com/template/vertical/src/css/style_rtl.css]
[edulearn-lms-admin-template.multipurposethemes.com/assets/icons/font-awesome/css/font-awesome.css]
[edulearn-lms-admin-template.multipurposethemes.com/assets/icons/Ionicons/css/ionicons.css]
[edulearn-lms-admin-template.multipurposethemes.com/assets/icons/themify-icons/themify-icons.css]
[edulearn-lms-admin-template.multipurposethemes.com/assets/icons/linea-icons/linea.css]
[edulearn-lms-admin-template.multipurposethemes.com/assets/icons/glyphicons/glyphicon.css]
[edulearn-lms-admin-template.multipurposethemes.com/assets/icons/flag-icon-css/css/flag-icon.css]
[edulearn-lms-admin-template.multipurposethemes.com/assets/icons/material-design-iconic-font/css/materialdesignicons.css]
[edulearn-lms-admin-template.multipurposethemes.com/assets/icons/simple-line-icons/css/simple-line-icons.css]
[edulearn-lms-admin-template.multipurposethemes.com/assets/icons/cryptocoins-master/cryptocoins.css]
[edulearn-lms-admin-template.multipurposethemes.com/assets/icons/weather-icons/css/weather-icons.min.css]
[edulearn-lms-admin-template.multipurposethemes.com/assets/icons/iconsmind/style.css]
[edulearn-lms-admin-template.multipurposethemes.com/assets/icons/icomoon/style.css]
[edulearn-lms-admin-template.multipurposethemes.com/assets/vendor_components/animate/animate.css]
[edulearn-lms-admin-template.multipurposethemes.com/template/vertical/main-mini-dark-rtl/mailbox-compose.html]
[edulearn-lms-admin-template.multipurposethemes.com/template/vertical/main-mini-dark-rtl/mailbox-read.html]
[edulearn-lms-admin-template.multipurposethemes.com/template/vertical/main-mini-dark-rtl/video/video.html]
[edulearn-lms-admin-template.multipurposethemes.com/template/vertical/main-mini-dark-rtl/video/video-2.html]
[edulearn-lms-admin-template.multipurposethemes.com/template/vertical/main-mini-dark-rtl/video/video-3.html]
[edulearn-lms-admin-template.multipurposethemes.com/template/vertical/main-mini-dark-rtl/email_welcome_dark.html]
[edulearn-lms-admin-template.multipurposethemes.com/template/vertical/main-mini-dark-rtl/email_welcome.html]
[edulearn-lms-admin-template.multipurposethemes.com/template/vertical/main-mini-dark-rtl/email_verify_email_dark.html]
[edulearn-lms-admin-template.multipurposethemes.com/template/vertical/main-mini-dark-rtl/email_verify_email.html]
[edulearn-lms-admin-template.multipurposethemes.com/template/vertical/main-mini-dark-rtl/email_change_pass_dark.html]
[edulearn-lms-admin-template.multipurposethemes.com/template/vertical/main-mini-dark-rtl/email_change_pass.html]
[edulearn-lms-admin-template.multipurposethemes.com/template/vertical/main-mini-dark-rtl/email_update_dark.html]
[edulearn-lms-admin-template.multipurposethemes.com/template/vertical/main-mini-dark-rtl/email_update.html]
[edulearn-lms-admin-template.multipurposethemes.com/template/vertical/main-mini-dark-rtl/email_expired_card_dark.html]
[edulearn-lms-admin-template.multipurposethemes.com/template/vertical/main-mini-dark-rtl/email_expired_card.html]
[edulearn-lms-admin-template.multipurposethemes.com/template/vertical/main-mini-dark-rtl/email_closed_account_dark.html]
[edulearn-lms-admin-template.multipurposethemes.com/template/vertical/main-mini-dark-rtl/email_closed_account.html]
[edulearn-lms-admin-template.multipurposethemes.com/images/gallery/studio26.jpg]
[edulearn-lms-admin-template.multipurposethemes.com/images/gallery/studio4.jpg]
[edulearn-lms-admin-template.multipurposethemes.com/images/gallery/studio5.jpg]
[edulearn-lms-admin-template.multipurposethemes.com/images/gallery/studio17.jpg]
[edulearn-lms-admin-template.multipurposethemes.com/images/gallery/landscape17.jpg]
[edulearn-lms-admin-template.multipurposethemes.com/images/gallery/landscape16.jpg]
[edulearn-lms-admin-template.multipurposethemes.com/images/gallery/studio18.jpg]
[edulearn-lms-admin-template.multipurposethemes.com/images/gallery/landscape18.jpg]
[edulearn-lms-admin-template.multipurposethemes.com/images/gallery/studio19.jpg]
[edulearn-lms-admin-template.multipurposethemes.com/images/gallery/studio20.jpg]
[edulearn-lms-admin-template.multipurposethemes.com/images/gallery/studio24.jpg]
[edulearn-lms-admin-template.multipurposethemes.com/assets/vendor_plugins/iCheck/flat/blue.png]
[edulearn-lms-admin-template.multipurposethemes.com/assets/vendor_plugins/iCheck/flat/blue@2x.png]
[edulearn-lms-admin-template.multipurposethemes.com/assets/vendor_plugins/bootstrap-wysihtml5/fonts/glyphicon.css]
[edulearn-lms-admin-template.multipurposethemes.com/assets/vendor_plugins/iCheck/minimal/_all.css]
[edulearn-lms-admin-template.multipurposethemes.com/assets/vendor_plugins/iCheck/square/_all.css]
[edulearn-lms-admin-template.multipurposethemes.com/assets/vendor_plugins/iCheck/flat/_all.css]
[edulearn-lms-admin-template.multipurposethemes.com/assets/vendor_plugins/bootstrap-wysihtml5/fonts/glyphicon.css]
[10.10.0.1_8002/index60dc.html]
[10.10.0.1_8002/indexc859.html]
[10.10.0.1_8002/indexe1c8.html]
[10.10.0.1_8002/indexf259.html]
[10.10.0.1_8002/index5dfb.html]
[10.10.0.1_8002/index96a1.html]
[10.10.0.1_8002/indexa8e7.html]
[10.10.0.1_8002/index5457.html]
[10.10.0.1_8002/index3300.html]
[10.10.0.1_8002/indexbd2e.html]
[10.10.0.1_8002/indexc702.html]
[10.10.0.1_8002/index4b57.html]
[10.10.0.1_8002/index54de.html]
[10.10.0.1_8002/indexff5b.html]
[10.10.0.1_8002/indexd298.html]
[10.10.0.1_8002/index3cd3.html]
[10.10.0.1_8002/index4d9f.html]
[edulearn-lms-admin-template.multipurposethemes.com/assets/vendor_plugins/iCheck/minimal/_all.css]
[10.10.0.1_8002/index767b.html]
[10.10.0.1_8002/indexbaf3.html]
[10.10.0.1_8002/index2b70.html]
[10.10.0.1_8002/indexa6e7.html]
[10.10.0.1_8002/index242a.html]
[10.10.0.1_8002/index9863.html]
[10.10.0.1_8002/indexf698.html]
[10.10.0.1_8002/index7d32.html]
[10.10.0.1_8002/index3789.html]
[10.10.0.1_8002/indexb4da.html]
[10.10.0.1_8002/index5774.html]
[10.10.0.1_8002/index791c.html]
[10.10.0.1_8002/indexf882.html]
[10.10.0.1_8002/indexb41a.html]
[10.10.0.1_8002/index2cdb.html]
[10.10.0.1_8002/indexf720.html]
[10.10.0.1_8002/index0384.html]
[10.10.0.1_8002/indexc3e4.html]
[10.10.0.1_8002/indexacea.html]
[10.10.0.1_8002/index4997.html]
[edulearn-lms-admin-template.multipurposethemes.com/assets/vendor_plugins/iCheck/square/_all.css]
[10.10.0.1_8002/index893a.html]
[10.10.0.1_8002/index99ed.html]
[10.10.0.1_8002/indexb2da.html]
[10.10.0.1_8002/index0fd6.html]
[10.10.0.1_8002/index9145.html]
[10.10.0.1_8002/index5279.html]
[10.10.0.1_8002/index1910.html]
[10.10.0.1_8002/index4ae7.html]
[10.10.0.1_8002/indexb387.html]
[10.10.0.1_8002/indexaf87.html]
[10.10.0.1_8002/index5d43.html]
[10.10.0.1_8002/index6468.html]
[10.10.0.1_8002/index37d9.html]
[10.10.0.1_8002/index8fe0.html]
[10.10.0.1_8002/index7304.html]
[10.10.0.1_8002/index0667.html]
[10.10.0.1_8002/index2634.html]
[10.10.0.1_8002/index5534.html]
[edulearn-lms-admin-template.multipurposethemes.com/assets/vendor_plugins/iCheck/flat/_all.css]
[10.10.0.1_8002/index7b81.html]
[edulearn-lms-admin-template.multipurposethemes.com/images/gallery/landscape6.jpg]
[edulearn-lms-admin-template.multipurposethemes.com/images/gallery/landscape7.jpg]
[edulearn-lms-admin-template.multipurposethemes.com/images/gallery/landscape8.jpg]
[edulearn-lms-admin-template.multipurposethemes.com/images/gallery/thumb/9.jpg]
[edulearn-lms-admin-template.multipurposethemes.com/images/gallery/full/slide-1.jpg]
[edulearn-lms-admin-template.multipurposethemes.com/images/gallery/full/slide-2.jpg]
[edulearn-lms-admin-template.multipurposethemes.com/images/gallery/full/slide-3.jpg]
[edulearn-lms-admin-template.multipurposethemes.com/images/gallery/full/slide-4.jpg]
[edulearn-lms-admin-template.multipurposethemes.com/images/gallery/thumb-sm/9.jpg]
[edulearn-lms-admin-template.multipurposethemes.com/images/gallery/thumb/12.jpg]
[edulearn-lms-admin-template.multipurposethemes.com/images/gallery/thumb/13.jpg]
[edulearn-lms-admin-template.multipurposethemes.com/images/gallery/creative/img-12.jpg]
[edulearn-lms-admin-template.multipurposethemes.com/images/gallery/full/2.jpg]
[edulearn-lms-admin-template.multipurposethemes.com/images/gallery/creative/img-9.jpg]
[edulearn-lms-admin-template.multipurposethemes.com/images/gallery/thumb/15.jpg]
[edulearn-lms-admin-template.multipurposethemes.com/images/gallery/full/10.jpg]
[edulearn-lms-admin-template.multipurposethemes.com/template/vertical/src/js/pages/statistic.js]
[edulearn-lms-admin-template.multipurposethemes.com/images/gallery/full/3.jpg]
[edulearn-lms-admin-template.multipurposethemes.com/images/preview/email-verify-email.png]
[edulearn-lms-admin-template.multipurposethemes.com/images/preview/email-change-pass.png]
[edulearn-lms-admin-template.multipurposethemes.com/images/preview/email-expired-card.png]
[edulearn-lms-admin-template.multipurposethemes.com/assets/vendor_components/gmaps/gmaps.min.js]
[edulearn-lms-admin-template.multipurposethemes.com/assets/vendor_components/jvectormap/lib2/jquery-jvectormap-in-mill.js]
[edulearn-lms-admin-template.multipurposethemes.com/images/alert/alert.png]
[edulearn-lms-admin-template.multipurposethemes.com/images/alert/alert2.png]
[edulearn-lms-admin-template.multipurposethemes.com/images/alert/alert3.png]
[edulearn-lms-admin-template.multipurposethemes.com/images/alert/alert4.png]
[edulearn-lms-admin-template.multipurposethemes.com/images/alert/alert5.png]
[edulearn-lms-admin-template.multipurposethemes.com/images/alert/alert7.png]
[edulearn-lms-admin-template.multipurposethemes.com/images/alert/alert6.png]
[edulearn-lms-admin-template.multipurposethemes.com/assets/vendor_components/sweetalert/jquery.sweet-alert.custom.js]
[edulearn-lms-admin-template.multipurposethemes.com/images/avatar5.png]
[edulearn-lms-admin-template.multipurposethemes.com/assets/vendor_components/jquery-toast-plugin-master/src/jquery.toast.js]
[edulearn-lms-admin-template.multipurposethemes.com/template/vertical/src/js/pages/toastr.js]
[edulearn-lms-admin-template.multipurposethemes.com/template/vertical/src/js/pages/notification.js]
[edulearn-lms-admin-template.multipurposethemes.com/images/product/product-1.png]
[edulearn-lms-admin-template.multipurposethemes.com/images/product/product-2.png]
[edulearn-lms-admin-template.multipurposethemes.com/images/product/product-3.png]
[edulearn-lms-admin-template.multipurposethemes.com/images/product/product-4.png]
[edulearn-lms-admin-template.multipurposethemes.com/images/product/product-5.png]
[edulearn-lms-admin-template.multipurposethemes.com/images/product/product-6.png]
[edulearn-lms-admin-template.multipurposethemes.com/images/product/product-9.png]
[edulearn-lms-admin-template.multipurposethemes.com/images/product/product-7.png]
[edulearn-lms-admin-template.multipurposethemes.com/images/product/product-8.png]
[edulearn-lms-admin-template.multipurposethemes.com/template/vertical/src/js/pages/ecommerce_details.js]
[edulearn-lms-admin-template.multipurposethemes.com/images/product/product-10.png]
[edulearn-lms-admin-template.multipurposethemes.com/images/product/product-11.png]
[edulearn-lms-admin-template.multipurposethemes.com/images/product/product-12.png]
[edulearn-lms-admin-template.multipurposethemes.com/images/paypal.png]
[edulearn-lms-admin-template.multipurposethemes.com/images/master.png]
[edulearn-lms-admin-template.multipurposethemes.com/images/discover.png]
[edulearn-lms-admin-template.multipurposethemes.com/images/visa.png]
[edulearn-lms-admin-template.multipurposethemes.com/images/stripe.png]
[edulearn-lms-admin-template.multipurposethemes.com/images/payoneer.png]
[10.10.0.1_8002/indexf665.html]
[edulearn-lms-admin-template.multipurposethemes.com/images/cod.png]
[10.10.0.1_8002/indexbdce.html]
[edulearn-lms-admin-template.multipurposethemes.com/images/qrcode.png]
[10.10.0.1_8002/index9586.html]
[edulearn-lms-admin-template.multipurposethemes.com/assets/vendor_plugins/JqueryPrintArea/demo/jquery.PrintArea.js]
[10.10.0.1_8002/indexa4f6.html]
[edulearn-lms-admin-template.multipurposethemes.com/template/vertical/src/js/pages/invoice.js]
[10.10.0.1_8002/indexd9af.html]
[edulearn-lms-admin-template.multipurposethemes.com/images/logo-light-text4.png]
[10.10.0.1_8002/index3374.html]
[edulearn-lms-admin-template.multipurposethemes.com/template/vertical/src/js/pages/timeline.js]
[10.10.0.1_8002/index367e.html]
[edulearn-lms-admin-template.multipurposethemes.com/assets/vendor_components/perfect-scrollbar-master/perfect-scrollbar.jquery.min.js]
[edulearn-lms-admin-template.multipurposethemes.com/template/vertical/main-mini-dark-rtl/sample_coming_soon_1.html]
[10.10.0.1_8002/index8cf3.html]
[edulearn-lms-admin-template.multipurposethemes.com/images/preview/coming-soon-1.png]
[10.10.0.1_8002/indexe8dc.html]
[edulearn-lms-admin-template.multipurposethemes.com/template/vertical/main-mini-dark-rtl/sample_coming_soon_1_dark.html]
[10.10.0.1_8002/index55d7.html]
[edulearn-lms-admin-template.multipurposethemes.com/images/preview/coming-soon-1-dark.png]
[edulearn-lms-admin-template.multipurposethemes.com/template/vertical/main-mini-dark-rtl/sample_coming_soon_2.html]
[edulearn-lms-admin-template.multipurposethemes.com/images/preview/coming-soon-2.png]
[edulearn-lms-admin-template.multipurposethemes.com/template/vertical/main-mini-dark-rtl/sample_coming_soon_2_dark.html]
[10.10.0.1_8002/index7031.html]
[edulearn-lms-admin-template.multipurposethemes.com/images/preview/coming-soon-2-dark.png]
[edulearn-lms-admin-template.multipurposethemes.com/template/vertical/main-mini-dark-rtl/sample_coming_soon_3.html]
[10.10.0.1_8002/indexb7a0.html]
[edulearn-lms-admin-template.multipurposethemes.com/images/preview/coming-soon-3.png]
[edulearn-lms-admin-template.multipurposethemes.com/template/vertical/main-mini-dark-rtl/sample_coming_soon_3_dark.html]
[10.10.0.1_8002/index6cbb.html]
[edulearn-lms-admin-template.multipurposethemes.com/images/preview/coming-soon-3-dark.png]
[10.10.0.1_8002/index7e68.html]
[edulearn-lms-admin-template.multipurposethemes.com/template/vertical/src/js/pages/custom-scroll.js]
[10.10.0.1_8002/index6c8b.html]
[edulearn-lms-admin-template.multipurposethemes.com/images/gallery/studio1.jpg]
[10.10.0.1_8002/index7c6e.html]
[edulearn-lms-admin-template.multipurposethemes.com/images/gallery/studio2.jpg]
[10.10.0.1_8002/index6745.html]
[edulearn-lms-admin-template.multipurposethemes.com/images/gallery/studio25.jpg]
[10.10.0.1_8002/index9abb.html]
[edulearn-lms-admin-template.multipurposethemes.com/images/gallery/studio27.jpg]
[10.10.0.1_8002/index22a4.html]
[edulearn-lms-admin-template.multipurposethemes.com/images/gallery/studio3.jpg]
[10.10.0.1_8002/index4935.html]
[edulearn-lms-admin-template.multipurposethemes.com/images/gallery/studio26.jpg]
[10.10.0.1_8002/index22e5.html]
[edulearn-lms-admin-template.multipurposethemes.com/images/gallery/studio5.jpg]
[10.10.0.1_8002/index46d5.html]
[edulearn-lms-admin-template.multipurposethemes.com/images/gallery/studio6.jpg]
[10.10.0.1_8002/index4efc.html]
[10.10.0.1_8002/indexc803.html]
[edulearn-lms-admin-template.multipurposethemes.com/images/gallery/studio7.jpg]
[edulearn-lms-admin-template.multipurposethemes.com/images/gallery/studio8.jpg]
[10.10.0.1_8002/indexc588.html]
[10.10.0.1_8002/index4521.html]
[edulearn-lms-admin-template.multipurposethemes.com/images/gallery/studio9.jpg]
[edulearn-lms-admin-template.multipurposethemes.com/images/gallery/studio10.jpg]
[10.10.0.1_8002/indexcec6.html]
[edulearn-lms-admin-template.multipurposethemes.com/images/gallery/studio11.jpg]
[10.10.0.1_8002/index5190.html]
[edulearn-lms-admin-template.multipurposethemes.com/images/gallery/landscape11.jpg]
[10.10.0.1_8002/index9994.html]
[edulearn-lms-admin-template.multipurposethemes.com/images/gallery/studio12.jpg]
[10.10.0.1_8002/index2734.html]
[edulearn-lms-admin-template.multipurposethemes.com/images/gallery/landscape12.jpg]
[10.10.0.1_8002/index8627.html]
[edulearn-lms-admin-template.multipurposethemes.com/images/gallery/studio13.jpg]
[10.10.0.1_8002/indexb42e.html]
[edulearn-lms-admin-template.multipurposethemes.com/images/gallery/landscape13.jpg]
[10.10.0.1_8002/index43d8.html]
[edulearn-lms-admin-template.multipurposethemes.com/images/gallery/studio14.jpg]
[10.10.0.1_8002/index2cf1.html]
[edulearn-lms-admin-template.multipurposethemes.com/images/gallery/landscape14.jpg]
[10.10.0.1_8002/indexa4e1.html]
[edulearn-lms-admin-template.multipurposethemes.com/images/gallery/studio15.jpg]
[10.10.0.1_8002/indexd66f.html]
[10.10.0.1_8002/index632c.html]
[edulearn-lms-admin-template.multipurposethemes.com/images/gallery/landscape15.jpg]
[edulearn-lms-admin-template.multipurposethemes.com/images/gallery/studio16.jpg]
[10.10.0.1_8002/index14eb.html]
[edulearn-lms-admin-template.multipurposethemes.com/images/gallery/landscape16.jpg]
[10.10.0.1_8002/indexc09b.html]
[10.10.0.1_8002/indexe53b.html]
[edulearn-lms-admin-template.multipurposethemes.com/images/gallery/landscape18.jpg]
[edulearn-lms-admin-template.multipurposethemes.com/images/gallery/studio21.jpg]
[10.10.0.1_8002/index29c9.html]
[edulearn-lms-admin-template.multipurposethemes.com/images/gallery/studio22.jpg]
[10.10.0.1_8002/index8d8f.html]
[edulearn-lms-admin-template.multipurposethemes.com/images/gallery/studio23.jpg]
[10.10.0.1_8002/index005e.html]
[edulearn-lms-admin-template.multipurposethemes.com/assets/vendor_components/gallery/js/animated-masonry-gallery.js]
[10.10.0.1_8002/indexb0ed.html]
[edulearn-lms-admin-template.multipurposethemes.com/assets/vendor_components/gallery/js/jquery.isotope.min.js]
[10.10.0.1_8002/indexb4a3.html]
[edulearn-lms-admin-template.multipurposethemes.com/template/vertical/src/js/pages/gallery.js]
[10.10.0.1_8002/indexbe1c.html]
[edulearn-lms-admin-template.multipurposethemes.com/images/gallery/thumb/10.jpg]
[10.10.0.1_8002/index1ade.html]
[10.10.0.1_8002/index1656.html]
[edulearn-lms-admin-template.multipurposethemes.com/images/gallery/thumb/11.jpg]
[edulearn-lms-admin-template.multipurposethemes.com/template/vertical/main-mini-dark-rtl/www.youtube.com/watch7d1c]
[edulearn-lms-admin-template.multipurposethemes.com/images/auth-bg/bg-16.jpg]
[10.10.0.1_8002/indexc8d1.html]
[edulearn-lms-admin-template.multipurposethemes.com/images/auth-bg/bg-17.png]
[10.10.0.1_8002/index6569.html]
[edulearn-lms-admin-template.multipurposethemes.com/images/auth-bg/bg-18.png]
[10.10.0.1_8002/index0c55.html]
[edulearn-lms-admin-template.multipurposethemes.com/images/auth-bg/bg-19.png]
[10.10.0.1_8002/index55c0.html]
[10.10.0.1_8002/index1646.html]
[edulearn-lms-admin-template.multipurposethemes.com/images/front-end-img/courses/4.jpg]
[edulearn-lms-admin-template.multipurposethemes.com/template/vertical/main-mini-dark-rtl/course-details.html]
[edulearn-lms-admin-template.multipurposethemes.com/images/front-end-img/courses/9.jpg]
[10.10.0.1_8002/indexebb9.html]
[edulearn-lms-admin-template.multipurposethemes.com/images/front-end-img/courses/8.jpg]
[10.10.0.1_8002/index1afa.html]
[edulearn-lms-admin-template.multipurposethemes.com/images/front-end-img/courses/2.jpg]
[10.10.0.1_8002/index9d03.html]
[edulearn-lms-admin-template.multipurposethemes.com/images/front-end-img/courses/3.jpg]
[10.10.0.1_8002/index0143.html]
[10.10.0.1_8002/index8068.html]
[edulearn-lms-admin-template.multipurposethemes.com/images/front-end-img/courses/5.jpg]
[edulearn-lms-admin-template.multipurposethemes.com/images/front-end-img/courses/6.jpg]
[10.10.0.1_8002/indexa2cd.html]
[edulearn-lms-admin-template.multipurposethemes.com/images/front-end-img/courses/7.jpg]
[10.10.0.1_8002/index5fdd.html]
[10.10.0.1_8002/index77d5.html]
[edulearn-lms-admin-template.multipurposethemes.com/assets/vendor_components/OwlCarousel2/dist/assets/owl.video.play.png]
[edulearn-lms-admin-template.multipurposethemes.com/assets/vendor_components/flexslider/fonts/flexslider-icon.eot]
[edulearn-lms-admin-template.multipurposethemes.com/assets/vendor_components/flexslider/fonts/flexslider-icond41d.eot]
[edulearn-lms-admin-template.multipurposethemes.com/assets/vendor_components/flexslider/fonts/flexslider-icon.woff]
[edulearn-lms-admin-template.multipurposethemes.com/assets/vendor_components/flexslider/fonts/flexslider-icon.ttf]
[edulearn-lms-admin-template.multipurposethemes.com/assets/vendor_components/flexslider/fonts/flexslider-icon.svg]
[edulearn-lms-admin-template.multipurposethemes.com/assets/vendor_components/x-editable/dist/bootstrap3-editable/img/loading.gif]
[10.10.0.1_8002/index8146.html]
[edulearn-lms-admin-template.multipurposethemes.com/assets/vendor_components/x-editable/dist/bootstrap3-editable/img/clear.png]
[10.10.0.1_8002/index0191.html]
[edulearn-lms-admin-template.multipurposethemes.com/assets/vendor_components/bootstrap-colorpicker/dist/img/bootstrap-colorpicker/saturation.png]
[10.10.0.1_8002/indexa673.html]
[edulearn-lms-admin-template.multipurposethemes.com/assets/vendor_components/bootstrap-colorpicker/dist/img/bootstrap-colorpicker/hue.png]
[10.10.0.1_8002/indexe72e.html]
[edulearn-lms-admin-template.multipurposethemes.com/assets/vendor_components/bootstrap-colorpicker/dist/img/bootstrap-colorpicker/alpha.png]
[10.10.0.1_8002/index6a43.html]
[edulearn-lms-admin-template.multipurposethemes.com/assets/vendor_components/bootstrap-colorpicker/dist/img/bootstrap-colorpicker/hue-horizontal.png]
[10.10.0.1_8002/index01c0.html]
[edulearn-lms-admin-template.multipurposethemes.com/assets/vendor_components/bootstrap-colorpicker/dist/img/bootstrap-colorpicker/alpha-horizontal.png]
[edulearn-lms-admin-template.multipurposethemes.com/assets/vendor_components/raty-master/lib/fonts/raty.eot]
[edulearn-lms-admin-template.multipurposethemes.com/assets/vendor_components/raty-master/lib/fonts/ratyd41d.eot]
[edulearn-lms-admin-template.multipurposethemes.com/assets/vendor_components/raty-master/lib/fonts/raty.svg]
[edulearn-lms-admin-template.multipurposethemes.com/assets/vendor_components/raty-master/lib/fonts/raty.ttf]
[edulearn-lms-admin-template.multipurposethemes.com/assets/vendor_components/raty-master/lib/fonts/raty.woff]
[10.10.0.1_8002/index5854.html]
[edulearn-lms-admin-template.multipurposethemes.com/assets/vendor_components/ion-rangeSlider/img/sprite-skin-modern.png]
[10.10.0.1_8002/indexb06e.html]
[10.10.0.1_8002/captiveportal-background.jpg]
[10.10.0.1_8002/captiveportal-logo.jpg]
[10.10.0.1_8002/index60dc.html]
[10.10.0.1_8002/indexc859.html]
[10.10.0.1_8002/indexe1c8.html]
[10.10.0.1_8002/indexf259.html]
[10.10.0.1_8002/index5dfb.html]
[10.10.0.1_8002/index96a1.html]
[10.10.0.1_8002/indexa8e7.html]
[10.10.0.1_8002/index5457.html]
[10.10.0.1_8002/index3300.html]
[10.10.0.1_8002/indexbd2e.html]
[10.10.0.1_8002/indexc702.html]
[10.10.0.1_8002/index4b57.html]
[10.10.0.1_8002/index54de.html]
[10.10.0.1_8002/indexff5b.html]
[10.10.0.1_8002/indexd298.html]
[10.10.0.1_8002/index3cd3.html]
[10.10.0.1_8002/index4d9f.html]
[10.10.0.1_8002/index767b.html]
[10.10.0.1_8002/indexbaf3.html]
[10.10.0.1_8002/index2b70.html]
[10.10.0.1_8002/indexa6e7.html]
[10.10.0.1_8002/index242a.html]
[10.10.0.1_8002/index9863.html]
[10.10.0.1_8002/indexf698.html]
[10.10.0.1_8002/index7d32.html]
[10.10.0.1_8002/index3789.html]
[10.10.0.1_8002/indexb4da.html]
[10.10.0.1_8002/index5774.html]
[10.10.0.1_8002/index791c.html]
[10.10.0.1_8002/indexf882.html]
[10.10.0.1_8002/indexb41a.html]
[10.10.0.1_8002/index2cdb.html]
[10.10.0.1_8002/indexf720.html]
[10.10.0.1_8002/index0384.html]
[10.10.0.1_8002/indexc3e4.html]
[10.10.0.1_8002/indexacea.html]
[10.10.0.1_8002/index4997.html]
[10.10.0.1_8002/index893a.html]
[10.10.0.1_8002/index99ed.html]
[10.10.0.1_8002/indexb2da.html]
[10.10.0.1_8002/index0fd6.html]
[10.10.0.1_8002/index9145.html]
[10.10.0.1_8002/index5279.html]
[10.10.0.1_8002/index1910.html]
[10.10.0.1_8002/index4ae7.html]
[10.10.0.1_8002/indexb387.html]
[10.10.0.1_8002/indexaf87.html]
[10.10.0.1_8002/index5d43.html]
[10.10.0.1_8002/index6468.html]
[10.10.0.1_8002/index37d9.html]
[10.10.0.1_8002/index8fe0.html]
[10.10.0.1_8002/index7304.html]
[10.10.0.1_8002/index0667.html]
[10.10.0.1_8002/index2634.html]
[10.10.0.1_8002/index5534.html]
[10.10.0.1_8002/index7b81.html]
[edulearn-lms-admin-template.multipurposethemes.com/assets/vendor_plugins/iCheck/line/_all.css]
[10.10.0.1_8002/indexc9c1.html]
[edulearn-lms-admin-template.multipurposethemes.com/assets/vendor_plugins/iCheck/polaris/polaris.css]
[10.10.0.1_8002/index54d4.html]
[edulearn-lms-admin-template.multipurposethemes.com/assets/vendor_plugins/iCheck/futurico/futurico.css]
[edulearn-lms-admin-template.multipurposethemes.com/assets/vendor_components/weather-icons/weathericons-regular-webfont.eot]
[edulearn-lms-admin-template.multipurposethemes.com/assets/vendor_components/weather-icons/weathericons-regular-webfontd41d.eot]
[edulearn-lms-admin-template.multipurposethemes.com/assets/vendor_components/weather-icons/weathericons-regular-webfont.woff]
[edulearn-lms-admin-template.multipurposethemes.com/assets/vendor_components/weather-icons/weathericons-regular-webfont.ttf]
[edulearn-lms-admin-template.multipurposethemes.com/assets/vendor_components/weather-icons/weathericons-regular-webfont.svg]
[10.10.0.1_8002/index58c0.html]
[edulearn-lms-admin-template.multipurposethemes.com/assets/vendor_components/leaflet/images/layers.png]
[10.10.0.1_8002/index2263.html]
[edulearn-lms-admin-template.multipurposethemes.com/assets/vendor_components/leaflet/images/layers-2x.png]
[10.10.0.1_8002/indexbe18.html]
[edulearn-lms-admin-template.multipurposethemes.com/assets/vendor_components/leaflet/images/marker-icon.png]
[edulearn-lms-admin-template.multipurposethemes.com/assets/icons/themify-icons/fonts/themify9f24.eot]
[edulearn-lms-admin-template.multipurposethemes.com/assets/icons/themify-icons/fonts/themifyd41d.eot]
[edulearn-lms-admin-template.multipurposethemes.com/assets/icons/themify-icons/fonts/themify.woff]
[edulearn-lms-admin-template.multipurposethemes.com/assets/icons/themify-icons/fonts/themify.ttf]
[edulearn-lms-admin-template.multipurposethemes.com/assets/icons/themify-icons/fonts/themify9f24.svg]
[edulearn-lms-admin-template.multipurposethemes.com/assets/icons/linea-icons/fonts/linea-arrows-10.eot]
[edulearn-lms-admin-template.multipurposethemes.com/assets/icons/linea-icons/fonts/linea-arrows-10d41d.eot]
[edulearn-lms-admin-template.multipurposethemes.com/assets/icons/linea-icons/fonts/linea-arrows-10.woff]
[edulearn-lms-admin-template.multipurposethemes.com/assets/icons/linea-icons/fonts/linea-arrows-10.ttf]
[edulearn-lms-admin-template.multipurposethemes.com/assets/icons/linea-icons/fonts/linea-arrows-10.svg]
[edulearn-lms-admin-template.multipurposethemes.com/assets/icons/linea-icons/fonts/linea-basic-10.eot]
[edulearn-lms-admin-template.multipurposethemes.com/assets/icons/linea-icons/fonts/linea-basic-10d41d.eot]
[edulearn-lms-admin-template.multipurposethemes.com/assets/icons/linea-icons/fonts/linea-basic-10.woff]
[edulearn-lms-admin-template.multipurposethemes.com/assets/icons/linea-icons/fonts/linea-basic-10.ttf]
[edulearn-lms-admin-template.multipurposethemes.com/assets/icons/linea-icons/fonts/linea-basic-10.svg]
[edulearn-lms-admin-template.multipurposethemes.com/assets/icons/linea-icons/fonts/linea-basic-elaboration-10.eot]
[edulearn-lms-admin-template.multipurposethemes.com/assets/icons/linea-icons/fonts/linea-basic-elaboration-10d41d.eot]
[edulearn-lms-admin-template.multipurposethemes.com/assets/icons/linea-icons/fonts/linea-basic-elaboration-10.woff]
[edulearn-lms-admin-template.multipurposethemes.com/assets/icons/linea-icons/fonts/linea-basic-elaboration-10.ttf]
[edulearn-lms-admin-template.multipurposethemes.com/assets/icons/linea-icons/fonts/linea-basic-elaboration-10.svg]
[edulearn-lms-admin-template.multipurposethemes.com/assets/icons/linea-icons/fonts/linea-ecommerce-10.eot]
[edulearn-lms-admin-template.multipurposethemes.com/assets/icons/linea-icons/fonts/linea-ecommerce-10d41d.eot]
[edulearn-lms-admin-template.multipurposethemes.com/assets/icons/linea-icons/fonts/linea-ecommerce-10.woff]
[edulearn-lms-admin-template.multipurposethemes.com/assets/icons/linea-icons/fonts/linea-ecommerce-10.ttf]
[edulearn-lms-admin-template.multipurposethemes.com/assets/icons/linea-icons/fonts/linea-ecommerce-10.svg]
[edulearn-lms-admin-template.multipurposethemes.com/assets/icons/linea-icons/fonts/linea-music-10.eot]
[edulearn-lms-admin-template.multipurposethemes.com/assets/icons/linea-icons/fonts/linea-music-10d41d.eot]
[edulearn-lms-admin-template.multipurposethemes.com/assets/icons/linea-icons/fonts/linea-music-10.woff]
[edulearn-lms-admin-template.multipurposethemes.com/assets/icons/linea-icons/fonts/linea-music-10.ttf]
[edulearn-lms-admin-template.multipurposethemes.com/assets/icons/linea-icons/fonts/linea-music-10.svg]
[edulearn-lms-admin-template.multipurposethemes.com/assets/icons/linea-icons/fonts/linea-software-10.eot]
[edulearn-lms-admin-template.multipurposethemes.com/assets/icons/linea-icons/fonts/linea-software-10d41d.eot]
[edulearn-lms-admin-template.multipurposethemes.com/assets/icons/linea-icons/fonts/linea-software-10.woff]
[edulearn-lms-admin-template.multipurposethemes.com/assets/icons/linea-icons/fonts/linea-software-10.ttf]
[edulearn-lms-admin-template.multipurposethemes.com/assets/icons/linea-icons/fonts/linea-software-10.svg]
[edulearn-lms-admin-template.multipurposethemes.com/assets/icons/linea-icons/fonts/linea-weather-10.eot]
[edulearn-lms-admin-template.multipurposethemes.com/assets/icons/linea-icons/fonts/linea-weather-10d41d.eot]
[edulearn-lms-admin-template.multipurposethemes.com/assets/icons/linea-icons/fonts/linea-weather-10.woff]
[edulearn-lms-admin-template.multipurposethemes.com/assets/icons/linea-icons/fonts/linea-weather-10.ttf]
[edulearn-lms-admin-template.multipurposethemes.com/assets/icons/linea-icons/fonts/linea-weather-10.svg]
[edulearn-lms-admin-template.multipurposethemes.com/assets/icons/glyphicons/glyphicons-halflings-regular.eot]
[edulearn-lms-admin-template.multipurposethemes.com/assets/icons/glyphicons/glyphicons-halflings-regulard41d.eot]
[edulearn-lms-admin-template.multipurposethemes.com/assets/icons/glyphicons/glyphicons-halflings-regular.woff2]
[edulearn-lms-admin-template.multipurposethemes.com/assets/icons/glyphicons/glyphicons-halflings-regular.woff]
[edulearn-lms-admin-template.multipurposethemes.com/assets/icons/glyphicons/glyphicons-halflings-regular.ttf]
[edulearn-lms-admin-template.multipurposethemes.com/assets/icons/glyphicons/glyphicons-halflings-regular.svg]
[edulearn-lms-admin-template.multipurposethemes.com/assets/icons/cryptocoins-master/cryptocoins.woff2]
[edulearn-lms-admin-template.multipurposethemes.com/assets/icons/cryptocoins-master/cryptocoins.woff]
[edulearn-lms-admin-template.multipurposethemes.com/assets/icons/cryptocoins-master/cryptocoins.ttf]
[edulearn-lms-admin-template.multipurposethemes.com/assets/icons/iconsmind/icomoonca27.eot]
[edulearn-lms-admin-template.multipurposethemes.com/assets/icons/iconsmind/icomoond41d.eot]
[edulearn-lms-admin-template.multipurposethemes.com/assets/icons/iconsmind/icomoonca27.woff]
[edulearn-lms-admin-template.multipurposethemes.com/assets/icons/iconsmind/icomoonca27.ttf]
[edulearn-lms-admin-template.multipurposethemes.com/assets/icons/iconsmind/icomoonca27.svg]
[edulearn-lms-admin-template.multipurposethemes.com/assets/icons/icomoon/fonts/icomoon4a27.eot]
[edulearn-lms-admin-template.multipurposethemes.com/assets/icons/icomoon/fonts/icomoon4a27.ttf]
[edulearn-lms-admin-template.multipurposethemes.com/assets/icons/icomoon/fonts/icomoon4a27.woff]
[edulearn-lms-admin-template.multipurposethemes.com/assets/icons/icomoon/fonts/icomoon4a27.svg]
[10.10.0.1_8002/index56cb.html]
[edulearn-lms-admin-template.multipurposethemes.com/assets/vendor_plugins/bootstrap-wysihtml5/bootstrap3-wysihtml5.all.min.js]
[10.10.0.1_8002/indexcb3c.html]
[edulearn-lms-admin-template.multipurposethemes.com/template/vertical/src/js/pages/form-compose.js]
[10.10.0.1_8002/indexe274.html]
[edulearn-lms-admin-template.multipurposethemes.com/images/preview/1200x675.jpg]
[10.10.0.1_8002/indexf665.html]
[10.10.0.1_8002/indexbdce.html]
[10.10.0.1_8002/index9586.html]
[10.10.0.1_8002/indexa4f6.html]
[10.10.0.1_8002/indexd9af.html]
[10.10.0.1_8002/index3374.html]
[10.10.0.1_8002/index367e.html]
[10.10.0.1_8002/index8cf3.html]
[10.10.0.1_8002/indexe8dc.html]
[10.10.0.1_8002/index55d7.html]
[10.10.0.1_8002/index7031.html]
[10.10.0.1_8002/indexb7a0.html]
[10.10.0.1_8002/index6cbb.html]
[10.10.0.1_8002/index7e68.html]
[10.10.0.1_8002/index6c8b.html]
[10.10.0.1_8002/index7c6e.html]
[10.10.0.1_8002/index6745.html]
[10.10.0.1_8002/index9abb.html]
[10.10.0.1_8002/index22a4.html]
[10.10.0.1_8002/index4935.html]
[10.10.0.1_8002/index22e5.html]
[10.10.0.1_8002/index46d5.html]
[10.10.0.1_8002/index4efc.html]
[10.10.0.1_8002/indexc803.html]
[10.10.0.1_8002/indexc588.html]
[10.10.0.1_8002/index4521.html]
[10.10.0.1_8002/indexcec6.html]
[10.10.0.1_8002/index5190.html]
[10.10.0.1_8002/index9994.html]
[10.10.0.1_8002/index2734.html]
[10.10.0.1_8002/index8627.html]
[10.10.0.1_8002/indexb42e.html]
[10.10.0.1_8002/index43d8.html]
[10.10.0.1_8002/index2cf1.html]
[10.10.0.1_8002/indexa4e1.html]
[10.10.0.1_8002/indexd66f.html]
[10.10.0.1_8002/index632c.html]
[10.10.0.1_8002/index14eb.html]
[10.10.0.1_8002/indexc09b.html]
[10.10.0.1_8002/indexe53b.html]
[10.10.0.1_8002/index29c9.html]
[10.10.0.1_8002/index8d8f.html]
[10.10.0.1_8002/index005e.html]
[10.10.0.1_8002/indexb0ed.html]
[10.10.0.1_8002/indexb4a3.html]
[10.10.0.1_8002/indexbe1c.html]
[10.10.0.1_8002/index1ade.html]
[10.10.0.1_8002/index1656.html]
[10.10.0.1_8002/indexc8d1.html]
[10.10.0.1_8002/index6569.html]
[10.10.0.1_8002/index0c55.html]
[10.10.0.1_8002/index55c0.html]
[10.10.0.1_8002/index1646.html]
[10.10.0.1_8002/indexebb9.html]
[10.10.0.1_8002/index1afa.html]
[10.10.0.1_8002/index9d03.html]
[10.10.0.1_8002/index0143.html]
[10.10.0.1_8002/index8068.html]
[10.10.0.1_8002/indexa2cd.html]
[10.10.0.1_8002/index5fdd.html]
[10.10.0.1_8002/index77d5.html]
[10.10.0.1_8002/index8146.html]
[10.10.0.1_8002/index0191.html]
[10.10.0.1_8002/indexa673.html]
[10.10.0.1_8002/indexe72e.html]
[10.10.0.1_8002/index6a43.html]
[10.10.0.1_8002/index01c0.html]
[10.10.0.1_8002/index5854.html]
[10.10.0.1_8002/indexb06e.html]
[10.10.0.1_8002/indexba37.html]
[10.10.0.1_8002/indexc9c1.html]
[10.10.0.1_8002/index54d4.html]
[10.10.0.1_8002/index58c0.html]
[10.10.0.1_8002/index2263.html]
[10.10.0.1_8002/indexbe18.html]
[10.10.0.1_8002/index56cb.html]
[10.10.0.1_8002/indexcb3c.html]
[10.10.0.1_8002/indexe274.html]
[10.10.0.1_8002/indexba37.html]
